<?xml version="1.0" encoding="utf-8"?>
<CoverageSession xmlns:xsd="http://www.w3.org/2001/XMLSchema" xmlns:xsi="http://www.w3.org/2001/XMLSchema-instance">
  <Summary numSequencePoints="369" visitedSequencePoints="55" numBranchPoints="152" visitedBranchPoints="9" sequenceCoverage="14.91" branchCoverage="5.92" maxCyclomaticComplexity="13" minCyclomaticComplexity="1" />
  <Modules>
    <Module skippedDueTo="Filter" hash="E9-A8-6A-CC-31-FF-25-91-E6-86-F2-D5-72-EE-77-7D-AB-36-F0-0B">
      <FullName>C:\Windows\Microsoft.Net\assembly\GAC_32\mscorlib\v4.0_4.0.0.0__b77a5c561934e089\mscorlib.dll</FullName>
      <ModuleName>mscorlib</ModuleName>
      <Classes />
    </Module>
    <Module skippedDueTo="MissingPdb" hash="37-80-BE-DC-A8-79-2C-78-4A-75-9F-D4-19-B1-3A-5A-48-3E-CA-03">
      <FullName>C:\Dev\SharpDevelop\bin\Tools\NUnit\nunit-console-x86.exe</FullName>
      <ModuleName>nunit-console</ModuleName>
      <Classes />
    </Module>
    <Module skippedDueTo="MissingPdb" hash="33-E1-CA-24-52-5A-B7-C7-C4-AF-91-2C-A9-4A-C0-37-67-0D-5B-FE">
      <FullName>C:\Dev\SharpDevelop\bin\Tools\NUnit\lib\nunit.core.dll</FullName>
      <ModuleName>nunit.core</ModuleName>
      <Classes />
    </Module>
    <Module skippedDueTo="MissingPdb" hash="2A-C4-E5-DE-F3-EE-AD-84-E1-65-84-CC-15-90-76-96-E7-01-44-4E">
      <FullName>C:\Dev\SharpDevelop\bin\Tools\NUnit\lib\nunit-console-runner.dll</FullName>
      <ModuleName>nunit-console-runner</ModuleName>
      <Classes />
    </Module>
    <Module skippedDueTo="MissingPdb" hash="74-74-F6-87-59-E1-5F-4F-5F-5E-6E-82-50-E8-E2-46-D4-86-15-76">
      <FullName>C:\Dev\SharpDevelop\bin\Tools\NUnit\lib\nunit.util.dll</FullName>
      <ModuleName>nunit.util</ModuleName>
      <Classes />
    </Module>
    <Module skippedDueTo="MissingPdb" hash="D3-A4-4D-85-55-F7-CE-EF-A5-90-AA-EF-58-E0-9F-B6-CC-27-99-53">
      <FullName>C:\Dev\SharpDevelop\bin\Tools\NUnit\lib\nunit.core.interfaces.dll</FullName>
      <ModuleName>nunit.core.interfaces</ModuleName>
      <Classes />
    </Module>
    <Module skippedDueTo="Filter" hash="8F-6E-E8-4F-40-6A-75-31-1B-08-C2-22-D5-EA-FE-23-3B-7B-82-15">
      <FullName>C:\Windows\Microsoft.Net\assembly\GAC_MSIL\System.Configuration\v4.0_4.0.0.0__b03f5f7f11d50a3a\System.Configuration.dll</FullName>
      <ModuleName>System.Configuration</ModuleName>
      <Classes />
    </Module>
    <Module skippedDueTo="Filter" hash="8F-46-4B-BE-28-40-30-A2-E6-52-58-36-C3-F3-E3-75-03-AF-F4-FC">
      <FullName>C:\Windows\Microsoft.Net\assembly\GAC_MSIL\System\v4.0_4.0.0.0__b77a5c561934e089\System.dll</FullName>
      <ModuleName>System</ModuleName>
      <Classes />
    </Module>
    <Module skippedDueTo="Filter" hash="2E-28-A3-E7-4F-05-75-91-3B-B4-A6-B7-58-E7-27-B0-EF-F7-52-11">
      <FullName>C:\Windows\Microsoft.Net\assembly\GAC_MSIL\System.Xml\v4.0_4.0.0.0__b77a5c561934e089\System.Xml.dll</FullName>
      <ModuleName>System.Xml</ModuleName>
      <Classes />
    </Module>
    <Module skippedDueTo="Filter" hash="65-BE-6B-9B-9C-55-6A-4D-DB-BD-03-60-FD-69-20-48-31-78-A9-5B">
      <FullName>C:\Windows\Microsoft.Net\assembly\GAC_MSIL\System.Runtime.Remoting\v4.0_4.0.0.0__b77a5c561934e089\System.Runtime.Remoting.dll</FullName>
      <ModuleName>System.Runtime.Remoting</ModuleName>
      <Classes />
    </Module>
    <Module skippedDueTo="Filter" hash="F0-AC-29-46-F9-CE-FF-96-AE-EE-4F-C0-DE-9E-59-D3-7E-1B-ED-08">
      <FullName>C:\Windows\Microsoft.Net\assembly\GAC_MSIL\System.Core\v4.0_4.0.0.0__b77a5c561934e089\System.Core.dll</FullName>
      <ModuleName>System.Core</ModuleName>
      <Classes />
    </Module>
    <Module hash="F7-B8-D0-B0-B4-79-1C-05-81-59-33-40-81-4C-89-81-9D-71-FE-D2">
      <Summary numSequencePoints="369" visitedSequencePoints="55" numBranchPoints="152" visitedBranchPoints="9" sequenceCoverage="14.91" branchCoverage="5.92" maxCyclomaticComplexity="13" minCyclomaticComplexity="1" />
      <FullName>C:\Users\Admin Security\AppData\Local\Temp\nunit20\ShadowCopyCache\4372_635690303538183872\Tests_1279497190\assembly\dl3\af98a498\b0f62570_119fd001\ReportApp.exe</FullName>
      <ModuleName>ReportApp</ModuleName>
      <Files>
        <File uid="1" fullPath="c:\Dev\_Projects\ReportApp\API\API_Command.cs" />
        <File uid="3" fullPath="c:\Dev\_Projects\ReportApp\API\API_Interaction.cs" />
        <File uid="6" fullPath="c:\Dev\_Projects\ReportApp\App.xaml.cs" />
        <File uid="7" fullPath="c:\Dev\_Projects\ReportApp\obj\Debug\App.g.cs" />
        <File uid="9" fullPath="c:\Dev\_Projects\ReportApp\Data\Database.cs" />
        <File uid="16" fullPath="c:\Dev\_Projects\ReportApp\Tests\TestShiftEntry.cs" />
        <File uid="17" fullPath="c:\Dev\_Projects\ReportApp\Window1.xaml.cs" />
        <File uid="18" fullPath="c:\Dev\_Projects\ReportApp\obj\Debug\Window1.g.cs" />
      </Files>
      <Classes>
        <Class>
          <Summary numSequencePoints="0" visitedSequencePoints="0" numBranchPoints="0" visitedBranchPoints="0" sequenceCoverage="0" branchCoverage="0" maxCyclomaticComplexity="0" minCyclomaticComplexity="0" />
          <FullName>&lt;Module&gt;</FullName>
          <Methods />
        </Class>
        <Class>
          <Summary numSequencePoints="0" visitedSequencePoints="0" numBranchPoints="0" visitedBranchPoints="0" sequenceCoverage="0" branchCoverage="0" maxCyclomaticComplexity="1" minCyclomaticComplexity="1" />
          <FullName>API_Interface.Param</FullName>
          <Methods>
            <Method visited="false" cyclomaticComplexity="1" sequenceCoverage="0" branchCoverage="0" isConstructor="false" isStatic="false" isGetter="true" isSetter="false">
              <Summary numSequencePoints="0" visitedSequencePoints="0" numBranchPoints="0" visitedBranchPoints="0" sequenceCoverage="0" branchCoverage="0" maxCyclomaticComplexity="1" minCyclomaticComplexity="1" />
              <MetadataToken>100663297</MetadataToken>
              <Name>System.String API_Interface.Param::get_Name()</Name>
              <SequencePoints />
              <BranchPoints />
              <MethodPoint vc="0" uspid="1" ordinal="0" offset="0" />
            </Method>
            <Method visited="false" cyclomaticComplexity="1" sequenceCoverage="0" branchCoverage="0" isConstructor="false" isStatic="false" isGetter="false" isSetter="true">
              <Summary numSequencePoints="0" visitedSequencePoints="0" numBranchPoints="0" visitedBranchPoints="0" sequenceCoverage="0" branchCoverage="0" maxCyclomaticComplexity="1" minCyclomaticComplexity="1" />
              <MetadataToken>100663298</MetadataToken>
              <Name>System.Void API_Interface.Param::set_Name(System.String)</Name>
              <SequencePoints />
              <BranchPoints />
              <MethodPoint vc="0" uspid="2" ordinal="0" offset="0" />
            </Method>
            <Method visited="false" cyclomaticComplexity="1" sequenceCoverage="0" branchCoverage="0" isConstructor="false" isStatic="false" isGetter="true" isSetter="false">
              <Summary numSequencePoints="0" visitedSequencePoints="0" numBranchPoints="0" visitedBranchPoints="0" sequenceCoverage="0" branchCoverage="0" maxCyclomaticComplexity="1" minCyclomaticComplexity="1" />
              <MetadataToken>100663299</MetadataToken>
              <Name>System.String API_Interface.Param::get_Value()</Name>
              <SequencePoints />
              <BranchPoints />
              <MethodPoint vc="0" uspid="3" ordinal="0" offset="0" />
            </Method>
            <Method visited="false" cyclomaticComplexity="1" sequenceCoverage="0" branchCoverage="0" isConstructor="false" isStatic="false" isGetter="false" isSetter="true">
              <Summary numSequencePoints="0" visitedSequencePoints="0" numBranchPoints="0" visitedBranchPoints="0" sequenceCoverage="0" branchCoverage="0" maxCyclomaticComplexity="1" minCyclomaticComplexity="1" />
              <MetadataToken>100663300</MetadataToken>
              <Name>System.Void API_Interface.Param::set_Value(System.String)</Name>
              <SequencePoints />
              <BranchPoints />
              <MethodPoint vc="0" uspid="4" ordinal="0" offset="0" />
            </Method>
            <Method visited="false" cyclomaticComplexity="1" sequenceCoverage="0" branchCoverage="0" isConstructor="true" isStatic="false" isGetter="false" isSetter="false">
              <Summary numSequencePoints="0" visitedSequencePoints="0" numBranchPoints="0" visitedBranchPoints="0" sequenceCoverage="0" branchCoverage="0" maxCyclomaticComplexity="1" minCyclomaticComplexity="1" />
              <MetadataToken>100663301</MetadataToken>
              <Name>System.Void API_Interface.Param::.ctor()</Name>
              <SequencePoints />
              <BranchPoints />
              <MethodPoint vc="0" uspid="5" ordinal="0" offset="0" />
            </Method>
          </Methods>
        </Class>
        <Class>
          <Summary numSequencePoints="20" visitedSequencePoints="0" numBranchPoints="11" visitedBranchPoints="0" sequenceCoverage="0" branchCoverage="0" maxCyclomaticComplexity="6" minCyclomaticComplexity="1" />
          <FullName>API_Interface.API_Command</FullName>
          <Methods>
            <Method visited="false" cyclomaticComplexity="1" sequenceCoverage="0" branchCoverage="0" isConstructor="false" isStatic="true" isGetter="false" isSetter="false">
              <Summary numSequencePoints="4" visitedSequencePoints="0" numBranchPoints="1" visitedBranchPoints="0" sequenceCoverage="0" branchCoverage="0" maxCyclomaticComplexity="1" minCyclomaticComplexity="1" />
              <MetadataToken>100663302</MetadataToken>
              <Name>System.String API_Interface.API_Command::getAPIErrorString(System.Int32)</Name>
              <FileRef uid="1" />
              <SequencePoints>
                <SequencePoint vc="0" uspid="6" ordinal="0" offset="0" sl="42" sc="57" el="42" ec="58" bec="0" bev="0" fileid="1" />
                <SequencePoint vc="0" uspid="7" ordinal="1" offset="1" sl="43" sc="4" el="43" ec="33" bec="0" bev="0" fileid="1" />
                <SequencePoint vc="0" uspid="8" ordinal="2" offset="3" sl="44" sc="4" el="44" ec="24" bec="0" bev="0" fileid="1" />
                <SequencePoint vc="0" uspid="9" ordinal="3" offset="17" sl="45" sc="3" el="45" ec="4" bec="0" bev="0" fileid="1" />
              </SequencePoints>
              <BranchPoints />
              <MethodPoint xsi:type="SequencePoint" vc="0" uspid="6" ordinal="0" offset="0" sl="42" sc="57" el="42" ec="58" bec="0" bev="0" fileid="1" />
            </Method>
            <Method visited="false" cyclomaticComplexity="1" sequenceCoverage="0" branchCoverage="0" isConstructor="true" isStatic="false" isGetter="false" isSetter="false">
              <Summary numSequencePoints="3" visitedSequencePoints="0" numBranchPoints="1" visitedBranchPoints="0" sequenceCoverage="0" branchCoverage="0" maxCyclomaticComplexity="1" minCyclomaticComplexity="1" />
              <MetadataToken>100663303</MetadataToken>
              <Name>System.Void API_Interface.API_Command::.ctor()</Name>
              <FileRef uid="1" />
              <SequencePoints>
                <SequencePoint vc="0" uspid="10" ordinal="0" offset="0" sl="47" sc="3" el="47" ec="23" bec="0" bev="0" fileid="1" />
                <SequencePoint vc="0" uspid="11" ordinal="1" offset="7" sl="48" sc="3" el="48" ec="4" bec="0" bev="0" fileid="1" />
                <SequencePoint vc="0" uspid="12" ordinal="2" offset="8" sl="49" sc="3" el="49" ec="4" bec="0" bev="0" fileid="1" />
              </SequencePoints>
              <BranchPoints />
              <MethodPoint xsi:type="SequencePoint" vc="0" uspid="10" ordinal="0" offset="0" sl="47" sc="3" el="47" ec="23" bec="0" bev="0" fileid="1" />
            </Method>
            <Method visited="false" cyclomaticComplexity="6" sequenceCoverage="0" branchCoverage="0" isConstructor="false" isStatic="true" isGetter="false" isSetter="false">
              <Summary numSequencePoints="11" visitedSequencePoints="0" numBranchPoints="7" visitedBranchPoints="0" sequenceCoverage="0" branchCoverage="0" maxCyclomaticComplexity="6" minCyclomaticComplexity="6" />
              <MetadataToken>100663304</MetadataToken>
              <Name>System.Xml.Linq.XElement API_Interface.API_Command::BuildCommandXML(API_Interface.Command_Name,System.Collections.Generic.List`1&lt;API_Interface.Param&gt;)</Name>
              <FileRef uid="1" />
              <SequencePoints>
                <SequencePoint vc="0" uspid="13" ordinal="0" offset="0" sl="55" sc="3" el="55" ec="4" bec="0" bev="0" fileid="1" />
                <SequencePoint vc="0" uspid="14" ordinal="1" offset="1" sl="58" sc="4" el="58" ec="19" bec="2" bev="0" fileid="1" />
                <SequencePoint vc="0" uspid="15" ordinal="2" offset="23" sl="60" sc="6" el="60" ec="12" bec="0" bev="0" fileid="1" />
                <SequencePoint vc="0" uspid="16" ordinal="3" offset="25" sl="62" sc="6" el="62" ec="12" bec="0" bev="0" fileid="1" />
                <SequencePoint vc="0" uspid="17" ordinal="4" offset="27" sl="64" sc="6" el="64" ec="12" bec="0" bev="0" fileid="1" />
                <SequencePoint vc="0" uspid="18" ordinal="5" offset="29" sl="66" sc="6" el="66" ec="70" bec="0" bev="0" fileid="1" />
                <SequencePoint vc="0" uspid="19" ordinal="6" offset="40" sl="69" sc="4" el="76" ec="76" bec="2" bev="0" fileid="1" />
                <SequencePoint vc="0" uspid="20" ordinal="7" offset="215" sl="77" sc="4" el="77" ec="166" bec="0" bev="0" fileid="1" />
                <SequencePoint vc="0" uspid="21" ordinal="8" offset="328" sl="78" sc="4" el="78" ec="30" bec="0" bev="0" fileid="1" />
                <SequencePoint vc="0" uspid="22" ordinal="9" offset="336" sl="79" sc="4" el="79" ec="20" bec="0" bev="0" fileid="1" />
                <SequencePoint vc="0" uspid="23" ordinal="10" offset="340" sl="80" sc="3" el="80" ec="4" bec="0" bev="0" fileid="1" />
              </SequencePoints>
              <BranchPoints>
                <BranchPoint vc="0" uspid="24" ordinal="0" offset="4" path="0" offsetchain="21" offsetend="29" />
                <BranchPoint vc="0" uspid="25" ordinal="1" offset="4" path="1" offsetchain="23" offsetend="40" />
                <BranchPoint vc="0" uspid="26" ordinal="2" offset="4" path="2" offsetchain="25" offsetend="40" />
                <BranchPoint vc="0" uspid="27" ordinal="3" offset="4" path="3" offsetchain="27" offsetend="40" />
                <BranchPoint vc="0" uspid="28" ordinal="4" offset="165" path="0" offsetchain="" offsetend="167" />
                <BranchPoint vc="0" uspid="29" ordinal="5" offset="165" path="1" offsetchain="" offsetend="186" />
              </BranchPoints>
              <MethodPoint xsi:type="SequencePoint" vc="0" uspid="13" ordinal="0" offset="0" sl="55" sc="3" el="55" ec="4" bec="0" bev="0" fileid="1" />
            </Method>
            <Method visited="false" cyclomaticComplexity="1" sequenceCoverage="0" branchCoverage="0" isConstructor="false" isStatic="true" isGetter="false" isSetter="false">
              <Summary numSequencePoints="0" visitedSequencePoints="0" numBranchPoints="0" visitedBranchPoints="0" sequenceCoverage="0" branchCoverage="0" maxCyclomaticComplexity="1" minCyclomaticComplexity="1" />
              <MetadataToken>100663305</MetadataToken>
              <Name>System.Threading.Tasks.Task`1&lt;System.Xml.Linq.XDocument&gt; API_Interface.API_Command::ExecuteCommand(API_Interface.Command_Name,System.Collections.Generic.List`1&lt;API_Interface.Param&gt;)</Name>
              <SequencePoints />
              <BranchPoints />
              <MethodPoint vc="0" uspid="30" ordinal="0" offset="0" />
            </Method>
            <Method visited="false" cyclomaticComplexity="1" sequenceCoverage="0" branchCoverage="0" isConstructor="false" isStatic="true" isGetter="false" isSetter="false">
              <Summary numSequencePoints="1" visitedSequencePoints="0" numBranchPoints="1" visitedBranchPoints="0" sequenceCoverage="0" branchCoverage="0" maxCyclomaticComplexity="1" minCyclomaticComplexity="1" />
              <MetadataToken>100663306</MetadataToken>
              <Name>System.Xml.Linq.XElement API_Interface.API_Command::&lt;BuildCommandXML&gt;b__0(API_Interface.Param)</Name>
              <FileRef uid="1" />
              <SequencePoints>
                <SequencePoint vc="0" uspid="31" ordinal="0" offset="0" sl="76" sc="43" el="76" ec="72" bec="0" bev="0" fileid="1" />
              </SequencePoints>
              <BranchPoints />
              <MethodPoint xsi:type="SequencePoint" vc="0" uspid="31" ordinal="0" offset="0" sl="76" sc="43" el="76" ec="72" bec="0" bev="0" fileid="1" />
            </Method>
            <Method visited="false" cyclomaticComplexity="1" sequenceCoverage="0" branchCoverage="0" isConstructor="false" isStatic="true" isGetter="false" isSetter="false">
              <Summary numSequencePoints="1" visitedSequencePoints="0" numBranchPoints="1" visitedBranchPoints="0" sequenceCoverage="0" branchCoverage="0" maxCyclomaticComplexity="1" minCyclomaticComplexity="1" />
              <MetadataToken>100663307</MetadataToken>
              <Name>System.Xml.Linq.XElement API_Interface.API_Command::&lt;ExecuteCommand&gt;b__2(System.Xml.Linq.XElement)</Name>
              <FileRef uid="1" />
              <SequencePoints>
                <SequencePoint vc="0" uspid="32" ordinal="0" offset="0" sl="124" sc="14" el="124" ec="15" bec="0" bev="0" fileid="1" />
              </SequencePoints>
              <BranchPoints />
              <MethodPoint xsi:type="SequencePoint" vc="0" uspid="32" ordinal="0" offset="0" sl="124" sc="14" el="124" ec="15" bec="0" bev="0" fileid="1" />
            </Method>
          </Methods>
        </Class>
        <Class>
          <Summary numSequencePoints="35" visitedSequencePoints="0" numBranchPoints="20" visitedBranchPoints="0" sequenceCoverage="0" branchCoverage="0" maxCyclomaticComplexity="13" minCyclomaticComplexity="1" />
          <FullName>API_Interface.API_Command/&lt;ExecuteCommand&gt;d__4</FullName>
          <Methods>
            <Method visited="false" cyclomaticComplexity="13" sequenceCoverage="0" branchCoverage="0" isConstructor="false" isStatic="false" isGetter="false" isSetter="false">
              <Summary numSequencePoints="35" visitedSequencePoints="0" numBranchPoints="20" visitedBranchPoints="0" sequenceCoverage="0" branchCoverage="0" maxCyclomaticComplexity="13" minCyclomaticComplexity="13" />
              <MetadataToken>100663392</MetadataToken>
              <Name>System.Void API_Interface.API_Command/&lt;ExecuteCommand&gt;d__4::MoveNext()</Name>
              <FileRef uid="1" />
              <SequencePoints>
                <SequencePoint vc="0" uspid="33" ordinal="0" offset="53" sl="85" sc="106" el="85" ec="107" bec="3" bev="0" fileid="1" />
                <SequencePoint vc="0" uspid="34" ordinal="1" offset="54" sl="86" sc="4" el="86" ec="25" bec="2" bev="0" fileid="1" />
                <SequencePoint vc="0" uspid="35" ordinal="2" offset="72" sl="86" sc="26" el="86" ec="27" bec="0" bev="0" fileid="1" />
                <SequencePoint vc="0" uspid="36" ordinal="3" offset="73" sl="87" sc="5" el="87" ec="35" bec="0" bev="0" fileid="1" />
                <SequencePoint vc="0" uspid="37" ordinal="4" offset="84" sl="88" sc="4" el="88" ec="5" bec="3" bev="0" fileid="1" />
                <SequencePoint vc="0" uspid="38" ordinal="5" offset="122" sl="89" sc="8" el="89" ec="9" bec="0" bev="0" fileid="1" />
                <SequencePoint vc="0" uspid="39" ordinal="6" offset="123" sl="90" sc="5" el="90" ec="63" bec="0" bev="0" fileid="1" />
                <SequencePoint vc="0" uspid="40" ordinal="7" offset="146" sl="91" sc="5" el="91" ec="50" bec="0" bev="0" fileid="1" />
                <SequencePoint vc="0" uspid="41" ordinal="8" offset="163" sl="93" sc="5" el="93" ec="45" bec="0" bev="0" fileid="1" />
                <SequencePoint vc="0" uspid="42" ordinal="9" offset="174" sl="95" sc="5" el="95" ec="81" bec="0" bev="0" fileid="1" />
                <SequencePoint vc="0" uspid="43" ordinal="10" offset="190" sl="96" sc="5" el="96" ec="29" bec="0" bev="0" fileid="1" />
                <SequencePoint vc="0" uspid="44" ordinal="11" offset="207" sl="98" sc="5" el="98" ec="67" bec="0" bev="0" fileid="1" />
                <SequencePoint vc="0" uspid="45" ordinal="12" offset="229" sl="99" sc="5" el="99" ec="38" bec="0" bev="0" fileid="1" />
                <SequencePoint vc="0" uspid="46" ordinal="13" offset="250" sl="100" sc="5" el="100" ec="63" bec="0" bev="0" fileid="1" />
                <SequencePoint vc="0" uspid="47" ordinal="14" offset="267" sl="102" sc="5" el="102" ec="47" bec="0" bev="0" fileid="1" />
                <SequencePoint vc="0" uspid="48" ordinal="15" offset="278" sl="104" sc="5" el="104" ec="66" bec="2" bev="0" fileid="1" />
                <SequencePoint vc="0" uspid="49" ordinal="16" offset="398" sl="106" sc="5" el="106" ec="47" bec="0" bev="0" fileid="1" />
                <SequencePoint vc="0" uspid="50" ordinal="17" offset="409" sl="108" sc="5" el="108" ec="41" bec="0" bev="0" fileid="1" />
                <SequencePoint vc="0" uspid="51" ordinal="18" offset="436" sl="110" sc="5" el="110" ec="45" bec="0" bev="0" fileid="1" />
                <SequencePoint vc="0" uspid="52" ordinal="19" offset="447" sl="112" sc="5" el="112" ec="61" bec="2" bev="0" fileid="1" />
                <SequencePoint vc="0" uspid="53" ordinal="20" offset="567" sl="113" sc="5" el="113" ec="69" bec="0" bev="0" fileid="1" />
                <SequencePoint vc="0" uspid="54" ordinal="21" offset="589" sl="114" sc="5" el="114" ec="58" bec="0" bev="0" fileid="1" />
                <SequencePoint vc="0" uspid="55" ordinal="22" offset="606" sl="116" sc="5" el="116" ec="60" bec="0" bev="0" fileid="1" />
                <SequencePoint vc="0" uspid="56" ordinal="23" offset="623" sl="117" sc="5" el="117" ec="48" bec="0" bev="0" fileid="1" />
                <SequencePoint vc="0" uspid="57" ordinal="24" offset="640" sl="123" sc="5" el="124" ec="16" bec="2" bev="0" fileid="1" />
                <SequencePoint vc="0" uspid="58" ordinal="25" offset="703" sl="125" sc="5" el="125" ec="16" bec="2" bev="0" fileid="1" />
                <SequencePoint vc="0" uspid="59" ordinal="26" offset="723" sl="125" sc="17" el="125" ec="18" bec="0" bev="0" fileid="1" />
                <SequencePoint vc="0" uspid="60" ordinal="27" offset="724" sl="126" sc="6" el="126" ec="51" bec="0" bev="0" fileid="1" />
                <SequencePoint vc="0" uspid="61" ordinal="28" offset="746" sl="127" sc="6" el="127" ec="104" bec="0" bev="0" fileid="1" />
                <SequencePoint vc="0" uspid="62" ordinal="29" offset="768" sl="130" sc="5" el="130" ec="17" bec="0" bev="0" fileid="1" />
                <SequencePoint vc="0" uspid="63" ordinal="30" offset="777" sl="132" sc="6" el="132" ec="27" bec="0" bev="0" fileid="1" />
                <SequencePoint vc="0" uspid="64" ordinal="31" offset="778" sl="132" sc="28" el="132" ec="29" bec="0" bev="0" fileid="1" />
                <SequencePoint vc="0" uspid="65" ordinal="32" offset="779" sl="133" sc="5" el="133" ec="49" bec="0" bev="0" fileid="1" />
                <SequencePoint vc="0" uspid="66" ordinal="33" offset="790" sl="135" sc="5" el="135" ec="11" bec="0" bev="0" fileid="1" />
                <SequencePoint vc="0" uspid="67" ordinal="34" offset="819" sl="137" sc="3" el="137" ec="4" bec="0" bev="0" fileid="1" />
              </SequencePoints>
              <BranchPoints>
                <BranchPoint vc="0" uspid="69" ordinal="0" offset="15" path="0" offsetchain="40 51" offsetend="53" />
                <BranchPoint vc="0" uspid="70" ordinal="1" offset="15" path="1" offsetchain="42" offsetend="792" />
                <BranchPoint vc="0" uspid="71" ordinal="2" offset="15" path="2" offsetchain="51" offsetend="53" />
                <BranchPoint vc="0" uspid="72" ordinal="3" offset="15" path="3" offsetchain="51" offsetend="53" />
                <BranchPoint vc="0" uspid="73" ordinal="4" offset="15" path="4" offsetchain="47" offsetend="85" />
                <BranchPoint vc="0" uspid="74" ordinal="5" offset="15" path="5" offsetchain="49" offsetend="85" />
                <BranchPoint vc="0" uspid="75" ordinal="6" offset="70" path="0" offsetchain="" offsetend="72" />
                <BranchPoint vc="0" uspid="76" ordinal="7" offset="70" path="1" offsetchain="" offsetend="85" />
                <BranchPoint vc="0" uspid="77" ordinal="8" offset="95" path="0" offsetchain="108 120" offsetend="122" />
                <BranchPoint vc="0" uspid="78" ordinal="9" offset="95" path="1" offsetchain="110" offsetend="342" />
                <BranchPoint vc="0" uspid="79" ordinal="10" offset="95" path="2" offsetchain="115" offsetend="511" />
                <BranchPoint vc="0" uspid="80" ordinal="11" offset="303" path="0" offsetchain="" offsetend="305" />
                <BranchPoint vc="0" uspid="81" ordinal="12" offset="303" path="1" offsetchain="" offsetend="373" />
                <BranchPoint vc="0" uspid="82" ordinal="13" offset="472" path="0" offsetchain="" offsetend="474" />
                <BranchPoint vc="0" uspid="83" ordinal="14" offset="472" path="1" offsetchain="" offsetend="542" />
                <BranchPoint vc="0" uspid="84" ordinal="15" offset="667" path="0" offsetchain="" offsetend="669" />
                <BranchPoint vc="0" uspid="85" ordinal="16" offset="667" path="1" offsetchain="" offsetend="688" />
                <BranchPoint vc="0" uspid="86" ordinal="17" offset="721" path="0" offsetchain="" offsetend="723" />
                <BranchPoint vc="0" uspid="87" ordinal="18" offset="721" path="1" offsetchain="" offsetend="768" />
              </BranchPoints>
              <MethodPoint vc="0" uspid="68" ordinal="0" offset="0" />
            </Method>
            <Method visited="false" cyclomaticComplexity="1" sequenceCoverage="0" branchCoverage="0" isConstructor="false" isStatic="false" isGetter="false" isSetter="false">
              <Summary numSequencePoints="0" visitedSequencePoints="0" numBranchPoints="0" visitedBranchPoints="0" sequenceCoverage="0" branchCoverage="0" maxCyclomaticComplexity="1" minCyclomaticComplexity="1" />
              <MetadataToken>100663393</MetadataToken>
              <Name>System.Void API_Interface.API_Command/&lt;ExecuteCommand&gt;d__4::SetStateMachine(System.Runtime.CompilerServices.IAsyncStateMachine)</Name>
              <SequencePoints />
              <BranchPoints />
              <MethodPoint vc="0" uspid="88" ordinal="0" offset="0" />
            </Method>
          </Methods>
        </Class>
        <Class>
          <Summary numSequencePoints="17" visitedSequencePoints="0" numBranchPoints="15" visitedBranchPoints="0" sequenceCoverage="0" branchCoverage="0" maxCyclomaticComplexity="3" minCyclomaticComplexity="1" />
          <FullName>API_Interface.API_Interaction</FullName>
          <Methods>
            <Method visited="false" cyclomaticComplexity="1" sequenceCoverage="0" branchCoverage="0" isConstructor="false" isStatic="true" isGetter="false" isSetter="false">
              <Summary numSequencePoints="0" visitedSequencePoints="0" numBranchPoints="0" visitedBranchPoints="0" sequenceCoverage="0" branchCoverage="0" maxCyclomaticComplexity="1" minCyclomaticComplexity="1" />
              <MetadataToken>100663308</MetadataToken>
              <Name>System.Threading.Tasks.Task`1&lt;System.Collections.Generic.List`1&lt;ReportApp.Data.Person&gt;&gt; API_Interface.API_Interaction::LoadPersonDetails()</Name>
              <SequencePoints />
              <BranchPoints />
              <MethodPoint vc="0" uspid="89" ordinal="0" offset="0" />
            </Method>
            <Method visited="false" cyclomaticComplexity="2" sequenceCoverage="0" branchCoverage="0" isConstructor="false" isStatic="true" isGetter="false" isSetter="false">
              <Summary numSequencePoints="3" visitedSequencePoints="0" numBranchPoints="3" visitedBranchPoints="0" sequenceCoverage="0" branchCoverage="0" maxCyclomaticComplexity="2" minCyclomaticComplexity="2" />
              <MetadataToken>100663309</MetadataToken>
              <Name>System.Collections.Generic.List`1&lt;ReportApp.Data.Person&gt; API_Interface.API_Interaction::ExtractPersonList(System.Xml.Linq.XDocument)</Name>
              <FileRef uid="3" />
              <SequencePoints>
                <SequencePoint vc="0" uspid="90" ordinal="0" offset="0" sl="58" sc="3" el="58" ec="4" bec="0" bev="0" fileid="3" />
                <SequencePoint vc="0" uspid="91" ordinal="1" offset="1" sl="59" sc="4" el="67" ec="34" bec="2" bev="0" fileid="3" />
                <SequencePoint vc="0" uspid="92" ordinal="2" offset="121" sl="68" sc="3" el="68" ec="4" bec="0" bev="0" fileid="3" />
              </SequencePoints>
              <BranchPoints>
                <BranchPoint vc="0" uspid="93" ordinal="0" offset="82" path="0" offsetchain="" offsetend="84" />
                <BranchPoint vc="0" uspid="94" ordinal="1" offset="82" path="1" offsetchain="" offsetend="103" />
              </BranchPoints>
              <MethodPoint xsi:type="SequencePoint" vc="0" uspid="90" ordinal="0" offset="0" sl="58" sc="3" el="58" ec="4" bec="0" bev="0" fileid="3" />
            </Method>
            <Method visited="false" cyclomaticComplexity="1" sequenceCoverage="0" branchCoverage="0" isConstructor="false" isStatic="true" isGetter="false" isSetter="false">
              <Summary numSequencePoints="0" visitedSequencePoints="0" numBranchPoints="0" visitedBranchPoints="0" sequenceCoverage="0" branchCoverage="0" maxCyclomaticComplexity="1" minCyclomaticComplexity="1" />
              <MetadataToken>100663310</MetadataToken>
              <Name>System.Threading.Tasks.Task`1&lt;System.Collections.Generic.List`1&lt;ReportApp.Data.AccessEntry&gt;&gt; API_Interface.API_Interaction::LoadAccessLog()</Name>
              <SequencePoints />
              <BranchPoints />
              <MethodPoint vc="0" uspid="95" ordinal="0" offset="0" />
            </Method>
            <Method visited="false" cyclomaticComplexity="3" sequenceCoverage="0" branchCoverage="0" isConstructor="false" isStatic="true" isGetter="false" isSetter="false">
              <Summary numSequencePoints="6" visitedSequencePoints="0" numBranchPoints="5" visitedBranchPoints="0" sequenceCoverage="0" branchCoverage="0" maxCyclomaticComplexity="3" minCyclomaticComplexity="3" />
              <MetadataToken>100663311</MetadataToken>
              <Name>System.Int64 API_Interface.API_Interaction::ConvertStrToInt64(System.String)</Name>
              <FileRef uid="3" />
              <SequencePoints>
                <SequencePoint vc="0" uspid="96" ordinal="0" offset="0" sl="97" sc="3" el="97" ec="4" bec="0" bev="0" fileid="3" />
                <SequencePoint vc="0" uspid="97" ordinal="1" offset="1" sl="98" sc="4" el="98" ec="28" bec="4" bev="0" fileid="3" />
                <SequencePoint vc="0" uspid="98" ordinal="2" offset="26" sl="98" sc="29" el="98" ec="30" bec="0" bev="0" fileid="3" />
                <SequencePoint vc="0" uspid="99" ordinal="3" offset="27" sl="99" sc="5" el="99" ec="14" bec="0" bev="0" fileid="3" />
                <SequencePoint vc="0" uspid="100" ordinal="4" offset="32" sl="100" sc="11" el="100" ec="37" bec="0" bev="0" fileid="3" />
                <SequencePoint vc="0" uspid="101" ordinal="5" offset="41" sl="101" sc="3" el="101" ec="4" bec="0" bev="0" fileid="3" />
              </SequencePoints>
              <BranchPoints>
                <BranchPoint vc="0" uspid="102" ordinal="0" offset="2" path="0" offsetchain="" offsetend="4" />
                <BranchPoint vc="0" uspid="103" ordinal="1" offset="2" path="1" offsetchain="" offsetend="20" />
                <BranchPoint vc="0" uspid="104" ordinal="2" offset="24" path="0" offsetchain="" offsetend="26" />
                <BranchPoint vc="0" uspid="105" ordinal="3" offset="24" path="1" offsetchain="" offsetend="32" />
              </BranchPoints>
              <MethodPoint xsi:type="SequencePoint" vc="0" uspid="96" ordinal="0" offset="0" sl="97" sc="3" el="97" ec="4" bec="0" bev="0" fileid="3" />
            </Method>
            <Method visited="false" cyclomaticComplexity="3" sequenceCoverage="0" branchCoverage="0" isConstructor="false" isStatic="true" isGetter="false" isSetter="false">
              <Summary numSequencePoints="6" visitedSequencePoints="0" numBranchPoints="5" visitedBranchPoints="0" sequenceCoverage="0" branchCoverage="0" maxCyclomaticComplexity="3" minCyclomaticComplexity="3" />
              <MetadataToken>100663312</MetadataToken>
              <Name>System.Int64 API_Interface.API_Interaction::ConvertStrToInt32(System.String)</Name>
              <FileRef uid="3" />
              <SequencePoints>
                <SequencePoint vc="0" uspid="106" ordinal="0" offset="0" sl="103" sc="3" el="103" ec="4" bec="0" bev="0" fileid="3" />
                <SequencePoint vc="0" uspid="107" ordinal="1" offset="1" sl="104" sc="4" el="104" ec="28" bec="4" bev="0" fileid="3" />
                <SequencePoint vc="0" uspid="108" ordinal="2" offset="26" sl="104" sc="29" el="104" ec="30" bec="0" bev="0" fileid="3" />
                <SequencePoint vc="0" uspid="109" ordinal="3" offset="27" sl="105" sc="5" el="105" ec="14" bec="0" bev="0" fileid="3" />
                <SequencePoint vc="0" uspid="110" ordinal="4" offset="32" sl="106" sc="11" el="106" ec="37" bec="0" bev="0" fileid="3" />
                <SequencePoint vc="0" uspid="111" ordinal="5" offset="42" sl="107" sc="3" el="107" ec="4" bec="0" bev="0" fileid="3" />
              </SequencePoints>
              <BranchPoints>
                <BranchPoint vc="0" uspid="112" ordinal="0" offset="2" path="0" offsetchain="" offsetend="4" />
                <BranchPoint vc="0" uspid="113" ordinal="1" offset="2" path="1" offsetchain="" offsetend="20" />
                <BranchPoint vc="0" uspid="114" ordinal="2" offset="24" path="0" offsetchain="" offsetend="26" />
                <BranchPoint vc="0" uspid="115" ordinal="3" offset="24" path="1" offsetchain="" offsetend="32" />
              </BranchPoints>
              <MethodPoint xsi:type="SequencePoint" vc="0" uspid="106" ordinal="0" offset="0" sl="103" sc="3" el="103" ec="4" bec="0" bev="0" fileid="3" />
            </Method>
            <Method visited="false" cyclomaticComplexity="1" sequenceCoverage="0" branchCoverage="0" isConstructor="false" isStatic="true" isGetter="false" isSetter="false">
              <Summary numSequencePoints="1" visitedSequencePoints="0" numBranchPoints="1" visitedBranchPoints="0" sequenceCoverage="0" branchCoverage="0" maxCyclomaticComplexity="1" minCyclomaticComplexity="1" />
              <MetadataToken>100663313</MetadataToken>
              <Name>ReportApp.Data.Person API_Interface.API_Interaction::&lt;ExtractPersonList&gt;b__b(System.Xml.Linq.XElement)</Name>
              <FileRef uid="3" />
              <SequencePoints>
                <SequencePoint vc="0" uspid="116" ordinal="0" offset="0" sl="60" sc="29" el="67" ec="23" bec="0" bev="0" fileid="3" />
              </SequencePoints>
              <BranchPoints />
              <MethodPoint xsi:type="SequencePoint" vc="0" uspid="116" ordinal="0" offset="0" sl="60" sc="29" el="67" ec="23" bec="0" bev="0" fileid="3" />
            </Method>
            <Method visited="false" cyclomaticComplexity="1" sequenceCoverage="0" branchCoverage="0" isConstructor="false" isStatic="true" isGetter="false" isSetter="false">
              <Summary numSequencePoints="1" visitedSequencePoints="0" numBranchPoints="1" visitedBranchPoints="0" sequenceCoverage="0" branchCoverage="0" maxCyclomaticComplexity="1" minCyclomaticComplexity="1" />
              <MetadataToken>100663314</MetadataToken>
              <Name>ReportApp.Data.AccessEntry API_Interface.API_Interaction::&lt;LoadAccessLog&gt;b__e(System.Xml.Linq.XElement)</Name>
              <FileRef uid="3" />
              <SequencePoints>
                <SequencePoint vc="0" uspid="117" ordinal="0" offset="0" sl="79" sc="29" el="89" ec="23" bec="0" bev="0" fileid="3" />
              </SequencePoints>
              <BranchPoints />
              <MethodPoint xsi:type="SequencePoint" vc="0" uspid="117" ordinal="0" offset="0" sl="79" sc="29" el="89" ec="23" bec="0" bev="0" fileid="3" />
            </Method>
          </Methods>
        </Class>
        <Class>
          <Summary numSequencePoints="24" visitedSequencePoints="0" numBranchPoints="15" visitedBranchPoints="0" sequenceCoverage="0" branchCoverage="0" maxCyclomaticComplexity="9" minCyclomaticComplexity="1" />
          <FullName>API_Interface.API_Interaction/&lt;LoadPersonDetails&gt;d__0</FullName>
          <Methods>
            <Method visited="false" cyclomaticComplexity="9" sequenceCoverage="0" branchCoverage="0" isConstructor="false" isStatic="false" isGetter="false" isSetter="false">
              <Summary numSequencePoints="24" visitedSequencePoints="0" numBranchPoints="15" visitedBranchPoints="0" sequenceCoverage="0" branchCoverage="0" maxCyclomaticComplexity="9" minCyclomaticComplexity="9" />
              <MetadataToken>100663394</MetadataToken>
              <Name>System.Void API_Interface.API_Interaction/&lt;LoadPersonDetails&gt;d__0::MoveNext()</Name>
              <FileRef uid="3" />
              <SequencePoints>
                <SequencePoint vc="0" uspid="118" ordinal="0" offset="54" sl="25" sc="3" el="25" ec="4" bec="4" bev="0" fileid="3" />
                <SequencePoint vc="0" uspid="119" ordinal="1" offset="55" sl="26" sc="4" el="26" ec="101" bec="2" bev="0" fileid="3" />
                <SequencePoint vc="0" uspid="120" ordinal="2" offset="171" sl="28" sc="4" el="28" ec="52" bec="0" bev="0" fileid="3" />
                <SequencePoint vc="0" uspid="121" ordinal="3" offset="188" sl="29" sc="4" el="29" ec="46" bec="0" bev="0" fileid="3" />
                <SequencePoint vc="0" uspid="122" ordinal="4" offset="220" sl="31" sc="16" el="31" ec="17" bec="0" bev="0" fileid="3" />
                <SequencePoint vc="0" uspid="123" ordinal="5" offset="221" sl="32" sc="5" el="32" ec="22" bec="2" bev="0" fileid="3" />
                <SequencePoint vc="0" uspid="124" ordinal="6" offset="244" sl="33" sc="5" el="33" ec="6" bec="0" bev="0" fileid="3" />
                <SequencePoint vc="0" uspid="125" ordinal="7" offset="245" sl="34" sc="6" el="34" ec="39" bec="2" bev="0" fileid="3" />
                <SequencePoint vc="0" uspid="126" ordinal="8" offset="280" sl="35" sc="6" el="35" ec="7" bec="0" bev="0" fileid="3" />
                <SequencePoint vc="0" uspid="127" ordinal="9" offset="281" sl="36" sc="7" el="36" ec="13" bec="0" bev="0" fileid="3" />
                <SequencePoint vc="0" uspid="128" ordinal="10" offset="286" sl="38" sc="6" el="38" ec="28" bec="0" bev="0" fileid="3" />
                <SequencePoint vc="0" uspid="129" ordinal="11" offset="297" sl="39" sc="6" el="39" ec="30" bec="0" bev="0" fileid="3" />
                <SequencePoint vc="0" uspid="130" ordinal="12" offset="314" sl="40" sc="6" el="40" ec="38" bec="0" bev="0" fileid="3" />
                <SequencePoint vc="0" uspid="131" ordinal="13" offset="342" sl="41" sc="6" el="41" ec="48" bec="0" bev="0" fileid="3" />
                <SequencePoint vc="0" uspid="132" ordinal="14" offset="353" sl="42" sc="6" el="42" ec="23" bec="0" bev="0" fileid="3" />
                <SequencePoint vc="0" uspid="133" ordinal="15" offset="371" sl="43" sc="6" el="43" ec="99" bec="2" bev="0" fileid="3" />
                <SequencePoint vc="0" uspid="134" ordinal="16" offset="492" sl="44" sc="6" el="44" ec="55" bec="0" bev="0" fileid="3" />
                <SequencePoint vc="0" uspid="135" ordinal="17" offset="509" sl="45" sc="6" el="45" ec="34" bec="0" bev="0" fileid="3" />
                <SequencePoint vc="0" uspid="136" ordinal="18" offset="527" sl="46" sc="6" el="46" ec="45" bec="0" bev="0" fileid="3" />
                <SequencePoint vc="0" uspid="137" ordinal="19" offset="554" sl="47" sc="5" el="47" ec="6" bec="0" bev="0" fileid="3" />
                <SequencePoint vc="0" uspid="138" ordinal="20" offset="555" sl="48" sc="4" el="48" ec="5" bec="0" bev="0" fileid="3" />
                <SequencePoint vc="0" uspid="139" ordinal="21" offset="556" sl="31" sc="4" el="31" ec="15" bec="0" bev="0" fileid="3" />
                <SequencePoint vc="0" uspid="140" ordinal="22" offset="564" sl="50" sc="4" el="50" ec="20" bec="0" bev="0" fileid="3" />
                <SequencePoint vc="0" uspid="141" ordinal="23" offset="600" sl="51" sc="3" el="51" ec="4" bec="0" bev="0" fileid="3" />
              </SequencePoints>
              <BranchPoints>
                <BranchPoint vc="0" uspid="143" ordinal="0" offset="13" path="0" offsetchain="38 52" offsetend="54" />
                <BranchPoint vc="0" uspid="144" ordinal="1" offset="13" path="1" offsetchain="40" offsetend="573" />
                <BranchPoint vc="0" uspid="145" ordinal="2" offset="13" path="2" offsetchain="52" offsetend="54" />
                <BranchPoint vc="0" uspid="146" ordinal="3" offset="13" path="3" offsetchain="52" offsetend="54" />
                <BranchPoint vc="0" uspid="147" ordinal="4" offset="13" path="4" offsetchain="45" offsetend="115" />
                <BranchPoint vc="0" uspid="148" ordinal="5" offset="13" path="5" offsetchain="47" offsetend="436" />
                <BranchPoint vc="0" uspid="149" ordinal="6" offset="76" path="0" offsetchain="" offsetend="78" />
                <BranchPoint vc="0" uspid="150" ordinal="7" offset="76" path="1" offsetchain="" offsetend="146" />
                <BranchPoint vc="0" uspid="151" ordinal="8" offset="239" path="0" offsetchain="" offsetend="244" />
                <BranchPoint vc="0" uspid="152" ordinal="9" offset="239" path="1" offsetchain="" offsetend="555" />
                <BranchPoint vc="0" uspid="153" ordinal="10" offset="278" path="0" offsetchain="" offsetend="280" />
                <BranchPoint vc="0" uspid="154" ordinal="11" offset="278" path="1" offsetchain="" offsetend="286" />
                <BranchPoint vc="0" uspid="155" ordinal="12" offset="397" path="0" offsetchain="" offsetend="399" />
                <BranchPoint vc="0" uspid="156" ordinal="13" offset="397" path="1" offsetchain="" offsetend="467" />
              </BranchPoints>
              <MethodPoint vc="0" uspid="142" ordinal="0" offset="0" />
            </Method>
            <Method visited="false" cyclomaticComplexity="1" sequenceCoverage="0" branchCoverage="0" isConstructor="false" isStatic="false" isGetter="false" isSetter="false">
              <Summary numSequencePoints="0" visitedSequencePoints="0" numBranchPoints="0" visitedBranchPoints="0" sequenceCoverage="0" branchCoverage="0" maxCyclomaticComplexity="1" minCyclomaticComplexity="1" />
              <MetadataToken>100663395</MetadataToken>
              <Name>System.Void API_Interface.API_Interaction/&lt;LoadPersonDetails&gt;d__0::SetStateMachine(System.Runtime.CompilerServices.IAsyncStateMachine)</Name>
              <SequencePoints />
              <BranchPoints />
              <MethodPoint vc="0" uspid="157" ordinal="0" offset="0" />
            </Method>
          </Methods>
        </Class>
        <Class>
          <Summary numSequencePoints="5" visitedSequencePoints="0" numBranchPoints="9" visitedBranchPoints="0" sequenceCoverage="0" branchCoverage="0" maxCyclomaticComplexity="5" minCyclomaticComplexity="1" />
          <FullName>API_Interface.API_Interaction/&lt;LoadAccessLog&gt;d__10</FullName>
          <Methods>
            <Method visited="false" cyclomaticComplexity="5" sequenceCoverage="0" branchCoverage="0" isConstructor="false" isStatic="false" isGetter="false" isSetter="false">
              <Summary numSequencePoints="5" visitedSequencePoints="0" numBranchPoints="9" visitedBranchPoints="0" sequenceCoverage="0" branchCoverage="0" maxCyclomaticComplexity="5" minCyclomaticComplexity="5" />
              <MetadataToken>100663396</MetadataToken>
              <Name>System.Void API_Interface.API_Interaction/&lt;LoadAccessLog&gt;d__10::MoveNext()</Name>
              <FileRef uid="3" />
              <SequencePoints>
                <SequencePoint vc="0" uspid="158" ordinal="0" offset="29" sl="75" sc="3" el="75" ec="4" bec="4" bev="0" fileid="3" />
                <SequencePoint vc="0" uspid="159" ordinal="1" offset="30" sl="76" sc="4" el="76" ec="79" bec="2" bev="0" fileid="3" />
                <SequencePoint vc="0" uspid="160" ordinal="2" offset="146" sl="78" sc="4" el="89" ec="34" bec="2" bev="0" fileid="3" />
                <SequencePoint vc="0" uspid="161" ordinal="3" offset="274" sl="92" sc="4" el="92" ec="16" bec="0" bev="0" fileid="3" />
                <SequencePoint vc="0" uspid="162" ordinal="4" offset="310" sl="93" sc="3" el="93" ec="4" bec="0" bev="0" fileid="3" />
              </SequencePoints>
              <BranchPoints>
                <BranchPoint vc="0" uspid="164" ordinal="0" offset="12" path="0" offsetchain="" offsetend="14" />
                <BranchPoint vc="0" uspid="165" ordinal="1" offset="12" path="1" offsetchain="20" offsetend="283" />
                <BranchPoint vc="0" uspid="166" ordinal="2" offset="16" path="0" offsetchain="18 27" offsetend="29" />
                <BranchPoint vc="0" uspid="167" ordinal="3" offset="16" path="1" offsetchain="25" offsetend="90" />
                <BranchPoint vc="0" uspid="168" ordinal="4" offset="51" path="0" offsetchain="" offsetend="53" />
                <BranchPoint vc="0" uspid="169" ordinal="5" offset="51" path="1" offsetchain="" offsetend="121" />
                <BranchPoint vc="0" uspid="170" ordinal="6" offset="233" path="0" offsetchain="" offsetend="235" />
                <BranchPoint vc="0" uspid="171" ordinal="7" offset="233" path="1" offsetchain="" offsetend="254" />
              </BranchPoints>
              <MethodPoint vc="0" uspid="163" ordinal="0" offset="0" />
            </Method>
            <Method visited="false" cyclomaticComplexity="1" sequenceCoverage="0" branchCoverage="0" isConstructor="false" isStatic="false" isGetter="false" isSetter="false">
              <Summary numSequencePoints="0" visitedSequencePoints="0" numBranchPoints="0" visitedBranchPoints="0" sequenceCoverage="0" branchCoverage="0" maxCyclomaticComplexity="1" minCyclomaticComplexity="1" />
              <MetadataToken>100663397</MetadataToken>
              <Name>System.Void API_Interface.API_Interaction/&lt;LoadAccessLog&gt;d__10::SetStateMachine(System.Runtime.CompilerServices.IAsyncStateMachine)</Name>
              <SequencePoints />
              <BranchPoints />
              <MethodPoint vc="0" uspid="172" ordinal="0" offset="0" />
            </Method>
          </Methods>
        </Class>
        <Class>
          <Summary numSequencePoints="6" visitedSequencePoints="0" numBranchPoints="2" visitedBranchPoints="0" sequenceCoverage="0" branchCoverage="0" maxCyclomaticComplexity="1" minCyclomaticComplexity="1" />
          <FullName>ReportApp.App</FullName>
          <Methods>
            <Method visited="false" cyclomaticComplexity="1" sequenceCoverage="0" branchCoverage="0" isConstructor="true" isStatic="false" isGetter="false" isSetter="false">
              <Summary numSequencePoints="4" visitedSequencePoints="0" numBranchPoints="1" visitedBranchPoints="0" sequenceCoverage="0" branchCoverage="0" maxCyclomaticComplexity="1" minCyclomaticComplexity="1" />
              <MetadataToken>100663315</MetadataToken>
              <Name>System.Void ReportApp.App::.ctor()</Name>
              <FileRef uid="6" />
              <SequencePoints>
                <SequencePoint vc="0" uspid="173" ordinal="0" offset="0" sl="18" sc="3" el="18" ec="8" bec="0" bev="0" fileid="6" />
                <SequencePoint vc="0" uspid="174" ordinal="1" offset="7" sl="19" sc="3" el="19" ec="4" bec="0" bev="0" fileid="6" />
                <SequencePoint vc="0" uspid="175" ordinal="2" offset="8" sl="20" sc="4" el="20" ec="13" bec="0" bev="0" fileid="6" />
                <SequencePoint vc="0" uspid="176" ordinal="3" offset="15" sl="21" sc="3" el="21" ec="4" bec="0" bev="0" fileid="6" />
              </SequencePoints>
              <BranchPoints />
              <MethodPoint xsi:type="SequencePoint" vc="0" uspid="173" ordinal="0" offset="0" sl="18" sc="3" el="18" ec="8" bec="0" bev="0" fileid="6" />
            </Method>
            <Method visited="false" cyclomaticComplexity="1" sequenceCoverage="0" branchCoverage="0" isConstructor="false" isStatic="false" isGetter="false" isSetter="false">
              <Summary numSequencePoints="0" visitedSequencePoints="0" numBranchPoints="0" visitedBranchPoints="0" sequenceCoverage="0" branchCoverage="0" maxCyclomaticComplexity="1" minCyclomaticComplexity="1" />
              <MetadataToken>100663316</MetadataToken>
              <Name>System.Void ReportApp.App::LoadDB()</Name>
              <SequencePoints />
              <BranchPoints />
              <MethodPoint vc="0" uspid="177" ordinal="0" offset="0" />
            </Method>
            <Method visited="false" cyclomaticComplexity="1" sequenceCoverage="0" branchCoverage="0" isConstructor="false" isStatic="false" isGetter="false" isSetter="false">
              <Summary numSequencePoints="2" visitedSequencePoints="0" numBranchPoints="1" visitedBranchPoints="0" sequenceCoverage="0" branchCoverage="0" maxCyclomaticComplexity="1" minCyclomaticComplexity="1" />
              <MetadataToken>100663317</MetadataToken>
              <Name>System.Void ReportApp.App::InitializeComponent()</Name>
              <FileRef uid="7" />
              <SequencePoints>
                <SequencePoint vc="0" uspid="178" ordinal="0" offset="0" sl="47" sc="43" el="47" ec="44" bec="0" bev="0" fileid="7" />
                <SequencePoint vc="0" uspid="179" ordinal="1" offset="1" sl="4" sc="13" el="4" ec="87" bec="0" bev="0" fileid="0" url="c:\Dev\_Projects\ReportApp\App.xaml" />
              </SequencePoints>
              <BranchPoints />
              <MethodPoint xsi:type="SequencePoint" vc="0" uspid="178" ordinal="0" offset="0" sl="47" sc="43" el="47" ec="44" bec="0" bev="0" fileid="7" />
            </Method>
            <Method visited="false" cyclomaticComplexity="1" sequenceCoverage="0" branchCoverage="0" isConstructor="false" isStatic="true" isGetter="false" isSetter="false">
              <Summary numSequencePoints="0" visitedSequencePoints="0" numBranchPoints="0" visitedBranchPoints="0" sequenceCoverage="0" branchCoverage="0" maxCyclomaticComplexity="1" minCyclomaticComplexity="1" />
              <MetadataToken>100663318</MetadataToken>
              <Name>System.Void ReportApp.App::Main()</Name>
              <SequencePoints />
              <BranchPoints />
              <MethodPoint vc="0" uspid="180" ordinal="0" offset="0" />
            </Method>
          </Methods>
        </Class>
        <Class>
          <Summary numSequencePoints="14" visitedSequencePoints="0" numBranchPoints="11" visitedBranchPoints="0" sequenceCoverage="0" branchCoverage="0" maxCyclomaticComplexity="7" minCyclomaticComplexity="1" />
          <FullName>ReportApp.App/&lt;LoadDB&gt;d__0</FullName>
          <Methods>
            <Method visited="false" cyclomaticComplexity="7" sequenceCoverage="0" branchCoverage="0" isConstructor="false" isStatic="false" isGetter="false" isSetter="false">
              <Summary numSequencePoints="14" visitedSequencePoints="0" numBranchPoints="11" visitedBranchPoints="0" sequenceCoverage="0" branchCoverage="0" maxCyclomaticComplexity="7" minCyclomaticComplexity="7" />
              <MetadataToken>100663398</MetadataToken>
              <Name>System.Void ReportApp.App/&lt;LoadDB&gt;d__0::MoveNext()</Name>
              <FileRef uid="6" />
              <SequencePoints>
                <SequencePoint vc="0" uspid="181" ordinal="0" offset="54" sl="24" sc="3" el="24" ec="4" bec="4" bev="0" fileid="6" />
                <SequencePoint vc="0" uspid="182" ordinal="1" offset="55" sl="25" sc="4" el="25" ec="73" bec="2" bev="0" fileid="6" />
                <SequencePoint vc="0" uspid="183" ordinal="2" offset="166" sl="26" sc="4" el="26" ec="72" bec="2" bev="0" fileid="6" />
                <SequencePoint vc="0" uspid="184" ordinal="3" offset="280" sl="27" sc="4" el="27" ec="33" bec="0" bev="0" fileid="6" />
                <SequencePoint vc="0" uspid="185" ordinal="4" offset="291" sl="28" sc="4" el="28" ec="22" bec="0" bev="0" fileid="6" />
                <SequencePoint vc="0" uspid="186" ordinal="5" offset="303" sl="30" sc="4" el="30" ec="28" bec="0" bev="0" fileid="6" />
                <SequencePoint vc="0" uspid="187" ordinal="6" offset="320" sl="31" sc="4" el="31" ec="33" bec="0" bev="0" fileid="6" />
                <SequencePoint vc="0" uspid="188" ordinal="7" offset="337" sl="32" sc="4" el="32" ec="32" bec="0" bev="0" fileid="6" />
                <SequencePoint vc="0" uspid="189" ordinal="8" offset="354" sl="34" sc="4" el="34" ec="48" bec="0" bev="0" fileid="6" />
                <SequencePoint vc="0" uspid="190" ordinal="9" offset="365" sl="36" sc="4" el="36" ec="35" bec="0" bev="0" fileid="6" />
                <SequencePoint vc="0" uspid="191" ordinal="10" offset="383" sl="37" sc="4" el="37" ec="35" bec="0" bev="0" fileid="6" />
                <SequencePoint vc="0" uspid="192" ordinal="11" offset="401" sl="39" sc="4" el="39" ec="41" bec="0" bev="0" fileid="6" />
                <SequencePoint vc="0" uspid="193" ordinal="12" offset="419" sl="41" sc="4" el="41" ec="39" bec="0" bev="0" fileid="6" />
                <SequencePoint vc="0" uspid="194" ordinal="13" offset="457" sl="42" sc="3" el="42" ec="4" bec="0" bev="0" fileid="6" />
              </SequencePoints>
              <BranchPoints>
                <BranchPoint vc="0" uspid="196" ordinal="0" offset="13" path="0" offsetchain="38 52" offsetend="54" />
                <BranchPoint vc="0" uspid="197" ordinal="1" offset="13" path="1" offsetchain="40" offsetend="430" />
                <BranchPoint vc="0" uspid="198" ordinal="2" offset="13" path="2" offsetchain="52" offsetend="54" />
                <BranchPoint vc="0" uspid="199" ordinal="3" offset="13" path="3" offsetchain="52" offsetend="54" />
                <BranchPoint vc="0" uspid="200" ordinal="4" offset="13" path="4" offsetchain="45" offsetend="111" />
                <BranchPoint vc="0" uspid="201" ordinal="5" offset="13" path="5" offsetchain="47" offsetend="224" />
                <BranchPoint vc="0" uspid="202" ordinal="6" offset="73" path="0" offsetchain="" offsetend="75" />
                <BranchPoint vc="0" uspid="203" ordinal="7" offset="73" path="1" offsetchain="" offsetend="141" />
                <BranchPoint vc="0" uspid="204" ordinal="8" offset="185" path="0" offsetchain="" offsetend="187" />
                <BranchPoint vc="0" uspid="205" ordinal="9" offset="185" path="1" offsetchain="" offsetend="255" />
              </BranchPoints>
              <MethodPoint vc="0" uspid="195" ordinal="0" offset="0" />
            </Method>
            <Method visited="false" cyclomaticComplexity="1" sequenceCoverage="0" branchCoverage="0" isConstructor="false" isStatic="false" isGetter="false" isSetter="false">
              <Summary numSequencePoints="0" visitedSequencePoints="0" numBranchPoints="0" visitedBranchPoints="0" sequenceCoverage="0" branchCoverage="0" maxCyclomaticComplexity="1" minCyclomaticComplexity="1" />
              <MetadataToken>100663399</MetadataToken>
              <Name>System.Void ReportApp.App/&lt;LoadDB&gt;d__0::SetStateMachine(System.Runtime.CompilerServices.IAsyncStateMachine)</Name>
              <SequencePoints />
              <BranchPoints />
              <MethodPoint vc="0" uspid="206" ordinal="0" offset="0" />
            </Method>
          </Methods>
        </Class>
        <Class>
          <Summary numSequencePoints="0" visitedSequencePoints="0" numBranchPoints="0" visitedBranchPoints="0" sequenceCoverage="0" branchCoverage="0" maxCyclomaticComplexity="1" minCyclomaticComplexity="1" />
          <FullName>ReportApp.Data.AccessEntry</FullName>
          <Methods>
            <Method visited="false" cyclomaticComplexity="1" sequenceCoverage="0" branchCoverage="0" isConstructor="false" isStatic="false" isGetter="true" isSetter="false">
              <Summary numSequencePoints="0" visitedSequencePoints="0" numBranchPoints="0" visitedBranchPoints="0" sequenceCoverage="0" branchCoverage="0" maxCyclomaticComplexity="1" minCyclomaticComplexity="1" />
              <MetadataToken>100663319</MetadataToken>
              <Name>System.Int64 ReportApp.Data.AccessEntry::get_LogId()</Name>
              <SequencePoints />
              <BranchPoints />
              <MethodPoint vc="0" uspid="207" ordinal="0" offset="0" />
            </Method>
            <Method visited="false" cyclomaticComplexity="1" sequenceCoverage="0" branchCoverage="0" isConstructor="false" isStatic="false" isGetter="false" isSetter="true">
              <Summary numSequencePoints="0" visitedSequencePoints="0" numBranchPoints="0" visitedBranchPoints="0" sequenceCoverage="0" branchCoverage="0" maxCyclomaticComplexity="1" minCyclomaticComplexity="1" />
              <MetadataToken>100663320</MetadataToken>
              <Name>System.Void ReportApp.Data.AccessEntry::set_LogId(System.Int64)</Name>
              <SequencePoints />
              <BranchPoints />
              <MethodPoint vc="0" uspid="208" ordinal="0" offset="0" />
            </Method>
            <Method visited="false" cyclomaticComplexity="1" sequenceCoverage="0" branchCoverage="0" isConstructor="false" isStatic="false" isGetter="true" isSetter="false">
              <Summary numSequencePoints="0" visitedSequencePoints="0" numBranchPoints="0" visitedBranchPoints="0" sequenceCoverage="0" branchCoverage="0" maxCyclomaticComplexity="1" minCyclomaticComplexity="1" />
              <MetadataToken>100663321</MetadataToken>
              <Name>System.String ReportApp.Data.AccessEntry::get_PersonId()</Name>
              <SequencePoints />
              <BranchPoints />
              <MethodPoint vc="0" uspid="209" ordinal="0" offset="0" />
            </Method>
            <Method visited="true" cyclomaticComplexity="1" sequenceCoverage="0" branchCoverage="0" isConstructor="false" isStatic="false" isGetter="false" isSetter="true">
              <Summary numSequencePoints="0" visitedSequencePoints="0" numBranchPoints="0" visitedBranchPoints="0" sequenceCoverage="0" branchCoverage="0" maxCyclomaticComplexity="1" minCyclomaticComplexity="1" />
              <MetadataToken>100663322</MetadataToken>
              <Name>System.Void ReportApp.Data.AccessEntry::set_PersonId(System.String)</Name>
              <SequencePoints />
              <BranchPoints />
              <MethodPoint vc="8" uspid="210" ordinal="0" offset="0" />
            </Method>
            <Method visited="true" cyclomaticComplexity="1" sequenceCoverage="0" branchCoverage="0" isConstructor="false" isStatic="false" isGetter="true" isSetter="false">
              <Summary numSequencePoints="0" visitedSequencePoints="0" numBranchPoints="0" visitedBranchPoints="0" sequenceCoverage="0" branchCoverage="0" maxCyclomaticComplexity="1" minCyclomaticComplexity="1" />
              <MetadataToken>100663323</MetadataToken>
              <Name>System.String ReportApp.Data.AccessEntry::get_Reader()</Name>
              <SequencePoints />
              <BranchPoints />
              <MethodPoint vc="1" uspid="211" ordinal="0" offset="0" />
            </Method>
            <Method visited="true" cyclomaticComplexity="1" sequenceCoverage="0" branchCoverage="0" isConstructor="false" isStatic="false" isGetter="false" isSetter="true">
              <Summary numSequencePoints="0" visitedSequencePoints="0" numBranchPoints="0" visitedBranchPoints="0" sequenceCoverage="0" branchCoverage="0" maxCyclomaticComplexity="1" minCyclomaticComplexity="1" />
              <MetadataToken>100663324</MetadataToken>
              <Name>System.Void ReportApp.Data.AccessEntry::set_Reader(System.String)</Name>
              <SequencePoints />
              <BranchPoints />
              <MethodPoint vc="8" uspid="212" ordinal="0" offset="0" />
            </Method>
            <Method visited="true" cyclomaticComplexity="1" sequenceCoverage="0" branchCoverage="0" isConstructor="false" isStatic="false" isGetter="true" isSetter="false">
              <Summary numSequencePoints="0" visitedSequencePoints="0" numBranchPoints="0" visitedBranchPoints="0" sequenceCoverage="0" branchCoverage="0" maxCyclomaticComplexity="1" minCyclomaticComplexity="1" />
              <MetadataToken>100663325</MetadataToken>
              <Name>System.DateTime ReportApp.Data.AccessEntry::get_DtTm()</Name>
              <SequencePoints />
              <BranchPoints />
              <MethodPoint vc="8" uspid="213" ordinal="0" offset="0" />
            </Method>
            <Method visited="true" cyclomaticComplexity="1" sequenceCoverage="0" branchCoverage="0" isConstructor="false" isStatic="false" isGetter="false" isSetter="true">
              <Summary numSequencePoints="0" visitedSequencePoints="0" numBranchPoints="0" visitedBranchPoints="0" sequenceCoverage="0" branchCoverage="0" maxCyclomaticComplexity="1" minCyclomaticComplexity="1" />
              <MetadataToken>100663326</MetadataToken>
              <Name>System.Void ReportApp.Data.AccessEntry::set_DtTm(System.DateTime)</Name>
              <SequencePoints />
              <BranchPoints />
              <MethodPoint vc="8" uspid="214" ordinal="0" offset="0" />
            </Method>
            <Method visited="false" cyclomaticComplexity="1" sequenceCoverage="0" branchCoverage="0" isConstructor="false" isStatic="false" isGetter="true" isSetter="false">
              <Summary numSequencePoints="0" visitedSequencePoints="0" numBranchPoints="0" visitedBranchPoints="0" sequenceCoverage="0" branchCoverage="0" maxCyclomaticComplexity="1" minCyclomaticComplexity="1" />
              <MetadataToken>100663327</MetadataToken>
              <Name>ReportApp.Data.TypeCode ReportApp.Data.AccessEntry::get_Type()</Name>
              <SequencePoints />
              <BranchPoints />
              <MethodPoint vc="0" uspid="215" ordinal="0" offset="0" />
            </Method>
            <Method visited="false" cyclomaticComplexity="1" sequenceCoverage="0" branchCoverage="0" isConstructor="false" isStatic="false" isGetter="false" isSetter="true">
              <Summary numSequencePoints="0" visitedSequencePoints="0" numBranchPoints="0" visitedBranchPoints="0" sequenceCoverage="0" branchCoverage="0" maxCyclomaticComplexity="1" minCyclomaticComplexity="1" />
              <MetadataToken>100663328</MetadataToken>
              <Name>System.Void ReportApp.Data.AccessEntry::set_Type(ReportApp.Data.TypeCode)</Name>
              <SequencePoints />
              <BranchPoints />
              <MethodPoint vc="0" uspid="216" ordinal="0" offset="0" />
            </Method>
            <Method visited="true" cyclomaticComplexity="1" sequenceCoverage="0" branchCoverage="0" isConstructor="false" isStatic="false" isGetter="true" isSetter="false">
              <Summary numSequencePoints="0" visitedSequencePoints="0" numBranchPoints="0" visitedBranchPoints="0" sequenceCoverage="0" branchCoverage="0" maxCyclomaticComplexity="1" minCyclomaticComplexity="1" />
              <MetadataToken>100663329</MetadataToken>
              <Name>ReportApp.Data.ReasonCode ReportApp.Data.AccessEntry::get_Reason()</Name>
              <SequencePoints />
              <BranchPoints />
              <MethodPoint vc="8" uspid="217" ordinal="0" offset="0" />
            </Method>
            <Method visited="false" cyclomaticComplexity="1" sequenceCoverage="0" branchCoverage="0" isConstructor="false" isStatic="false" isGetter="false" isSetter="true">
              <Summary numSequencePoints="0" visitedSequencePoints="0" numBranchPoints="0" visitedBranchPoints="0" sequenceCoverage="0" branchCoverage="0" maxCyclomaticComplexity="1" minCyclomaticComplexity="1" />
              <MetadataToken>100663330</MetadataToken>
              <Name>System.Void ReportApp.Data.AccessEntry::set_Reason(ReportApp.Data.ReasonCode)</Name>
              <SequencePoints />
              <BranchPoints />
              <MethodPoint vc="0" uspid="218" ordinal="0" offset="0" />
            </Method>
            <Method visited="false" cyclomaticComplexity="1" sequenceCoverage="0" branchCoverage="0" isConstructor="false" isStatic="false" isGetter="true" isSetter="false">
              <Summary numSequencePoints="0" visitedSequencePoints="0" numBranchPoints="0" visitedBranchPoints="0" sequenceCoverage="0" branchCoverage="0" maxCyclomaticComplexity="1" minCyclomaticComplexity="1" />
              <MetadataToken>100663331</MetadataToken>
              <Name>System.Int64 ReportApp.Data.AccessEntry::get_ReaderKey()</Name>
              <SequencePoints />
              <BranchPoints />
              <MethodPoint vc="0" uspid="219" ordinal="0" offset="0" />
            </Method>
            <Method visited="false" cyclomaticComplexity="1" sequenceCoverage="0" branchCoverage="0" isConstructor="false" isStatic="false" isGetter="false" isSetter="true">
              <Summary numSequencePoints="0" visitedSequencePoints="0" numBranchPoints="0" visitedBranchPoints="0" sequenceCoverage="0" branchCoverage="0" maxCyclomaticComplexity="1" minCyclomaticComplexity="1" />
              <MetadataToken>100663332</MetadataToken>
              <Name>System.Void ReportApp.Data.AccessEntry::set_ReaderKey(System.Int64)</Name>
              <SequencePoints />
              <BranchPoints />
              <MethodPoint vc="0" uspid="220" ordinal="0" offset="0" />
            </Method>
            <Method visited="false" cyclomaticComplexity="1" sequenceCoverage="0" branchCoverage="0" isConstructor="false" isStatic="false" isGetter="true" isSetter="false">
              <Summary numSequencePoints="0" visitedSequencePoints="0" numBranchPoints="0" visitedBranchPoints="0" sequenceCoverage="0" branchCoverage="0" maxCyclomaticComplexity="1" minCyclomaticComplexity="1" />
              <MetadataToken>100663333</MetadataToken>
              <Name>System.Int64 ReportApp.Data.AccessEntry::get_PortalKey()</Name>
              <SequencePoints />
              <BranchPoints />
              <MethodPoint vc="0" uspid="221" ordinal="0" offset="0" />
            </Method>
            <Method visited="false" cyclomaticComplexity="1" sequenceCoverage="0" branchCoverage="0" isConstructor="false" isStatic="false" isGetter="false" isSetter="true">
              <Summary numSequencePoints="0" visitedSequencePoints="0" numBranchPoints="0" visitedBranchPoints="0" sequenceCoverage="0" branchCoverage="0" maxCyclomaticComplexity="1" minCyclomaticComplexity="1" />
              <MetadataToken>100663334</MetadataToken>
              <Name>System.Void ReportApp.Data.AccessEntry::set_PortalKey(System.Int64)</Name>
              <SequencePoints />
              <BranchPoints />
              <MethodPoint vc="0" uspid="222" ordinal="0" offset="0" />
            </Method>
            <Method visited="true" cyclomaticComplexity="1" sequenceCoverage="0" branchCoverage="0" isConstructor="true" isStatic="false" isGetter="false" isSetter="false">
              <Summary numSequencePoints="0" visitedSequencePoints="0" numBranchPoints="0" visitedBranchPoints="0" sequenceCoverage="0" branchCoverage="0" maxCyclomaticComplexity="1" minCyclomaticComplexity="1" />
              <MetadataToken>100663335</MetadataToken>
              <Name>System.Void ReportApp.Data.AccessEntry::.ctor()</Name>
              <SequencePoints />
              <BranchPoints />
              <MethodPoint vc="8" uspid="223" ordinal="0" offset="0" />
            </Method>
          </Methods>
        </Class>
        <Class>
          <Summary numSequencePoints="8" visitedSequencePoints="0" numBranchPoints="2" visitedBranchPoints="0" sequenceCoverage="0" branchCoverage="0" maxCyclomaticComplexity="1" minCyclomaticComplexity="1" />
          <FullName>ReportApp.Data.TableDefinition</FullName>
          <Methods>
            <Method visited="false" cyclomaticComplexity="1" sequenceCoverage="0" branchCoverage="0" isConstructor="true" isStatic="false" isGetter="false" isSetter="false">
              <Summary numSequencePoints="5" visitedSequencePoints="0" numBranchPoints="1" visitedBranchPoints="0" sequenceCoverage="0" branchCoverage="0" maxCyclomaticComplexity="1" minCyclomaticComplexity="1" />
              <MetadataToken>100663336</MetadataToken>
              <Name>System.Void ReportApp.Data.TableDefinition::.ctor(System.String)</Name>
              <FileRef uid="9" />
              <SequencePoints>
                <SequencePoint vc="0" uspid="224" ordinal="0" offset="0" sl="24" sc="3" el="24" ec="38" bec="0" bev="0" fileid="9" />
                <SequencePoint vc="0" uspid="225" ordinal="1" offset="7" sl="24" sc="39" el="24" ec="40" bec="0" bev="0" fileid="9" />
                <SequencePoint vc="0" uspid="226" ordinal="2" offset="8" sl="25" sc="4" el="25" ec="21" bec="0" bev="0" fileid="9" />
                <SequencePoint vc="0" uspid="227" ordinal="3" offset="15" sl="26" sc="4" el="26" ec="35" bec="0" bev="0" fileid="9" />
                <SequencePoint vc="0" uspid="228" ordinal="4" offset="26" sl="27" sc="3" el="27" ec="4" bec="0" bev="0" fileid="9" />
              </SequencePoints>
              <BranchPoints />
              <MethodPoint xsi:type="SequencePoint" vc="0" uspid="224" ordinal="0" offset="0" sl="24" sc="3" el="24" ec="38" bec="0" bev="0" fileid="9" />
            </Method>
            <Method visited="false" cyclomaticComplexity="1" sequenceCoverage="0" branchCoverage="0" isConstructor="false" isStatic="false" isGetter="false" isSetter="false">
              <Summary numSequencePoints="3" visitedSequencePoints="0" numBranchPoints="1" visitedBranchPoints="0" sequenceCoverage="0" branchCoverage="0" maxCyclomaticComplexity="1" minCyclomaticComplexity="1" />
              <MetadataToken>100663337</MetadataToken>
              <Name>System.Void ReportApp.Data.TableDefinition::Add(System.String,System.String)</Name>
              <FileRef uid="9" />
              <SequencePoints>
                <SequencePoint vc="0" uspid="229" ordinal="0" offset="0" sl="29" sc="41" el="29" ec="42" bec="0" bev="0" fileid="9" />
                <SequencePoint vc="0" uspid="230" ordinal="1" offset="1" sl="30" sc="4" el="30" ec="38" bec="0" bev="0" fileid="9" />
                <SequencePoint vc="0" uspid="231" ordinal="2" offset="20" sl="31" sc="3" el="31" ec="4" bec="0" bev="0" fileid="9" />
              </SequencePoints>
              <BranchPoints />
              <MethodPoint xsi:type="SequencePoint" vc="0" uspid="229" ordinal="0" offset="0" sl="29" sc="41" el="29" ec="42" bec="0" bev="0" fileid="9" />
            </Method>
          </Methods>
        </Class>
        <Class>
          <Summary numSequencePoints="5" visitedSequencePoints="0" numBranchPoints="1" visitedBranchPoints="0" sequenceCoverage="0" branchCoverage="0" maxCyclomaticComplexity="1" minCyclomaticComplexity="1" />
          <FullName>ReportApp.Data.TableColDef</FullName>
          <Methods>
            <Method visited="false" cyclomaticComplexity="1" sequenceCoverage="0" branchCoverage="0" isConstructor="true" isStatic="false" isGetter="false" isSetter="false">
              <Summary numSequencePoints="5" visitedSequencePoints="0" numBranchPoints="1" visitedBranchPoints="0" sequenceCoverage="0" branchCoverage="0" maxCyclomaticComplexity="1" minCyclomaticComplexity="1" />
              <MetadataToken>100663338</MetadataToken>
              <Name>System.Void ReportApp.Data.TableColDef::.ctor(System.String,System.String)</Name>
              <FileRef uid="9" />
              <SequencePoints>
                <SequencePoint vc="0" uspid="232" ordinal="0" offset="0" sl="36" sc="3" el="36" ec="43" bec="0" bev="0" fileid="9" />
                <SequencePoint vc="0" uspid="233" ordinal="1" offset="7" sl="36" sc="44" el="36" ec="45" bec="0" bev="0" fileid="9" />
                <SequencePoint vc="0" uspid="234" ordinal="2" offset="8" sl="37" sc="4" el="37" ec="14" bec="0" bev="0" fileid="9" />
                <SequencePoint vc="0" uspid="235" ordinal="3" offset="15" sl="38" sc="4" el="38" ec="14" bec="0" bev="0" fileid="9" />
                <SequencePoint vc="0" uspid="236" ordinal="4" offset="22" sl="39" sc="3" el="39" ec="4" bec="0" bev="0" fileid="9" />
              </SequencePoints>
              <BranchPoints />
              <MethodPoint xsi:type="SequencePoint" vc="0" uspid="232" ordinal="0" offset="0" sl="36" sc="3" el="36" ec="43" bec="0" bev="0" fileid="9" />
            </Method>
          </Methods>
        </Class>
        <Class>
          <Summary numSequencePoints="3" visitedSequencePoints="0" numBranchPoints="1" visitedBranchPoints="0" sequenceCoverage="0" branchCoverage="0" maxCyclomaticComplexity="1" minCyclomaticComplexity="1" />
          <FullName>ReportApp.Data.MainDatabaseContext</FullName>
          <Methods>
            <Method visited="false" cyclomaticComplexity="1" sequenceCoverage="0" branchCoverage="0" isConstructor="true" isStatic="false" isGetter="false" isSetter="false">
              <Summary numSequencePoints="3" visitedSequencePoints="0" numBranchPoints="1" visitedBranchPoints="0" sequenceCoverage="0" branchCoverage="0" maxCyclomaticComplexity="1" minCyclomaticComplexity="1" />
              <MetadataToken>100663339</MetadataToken>
              <Name>System.Void ReportApp.Data.MainDatabaseContext::.ctor(System.Data.IDbConnection)</Name>
              <FileRef uid="9" />
              <SequencePoints>
                <SequencePoint vc="0" uspid="237" ordinal="0" offset="0" sl="52" sc="3" el="52" ec="74" bec="0" bev="0" fileid="9" />
                <SequencePoint vc="0" uspid="238" ordinal="1" offset="8" sl="52" sc="75" el="52" ec="76" bec="0" bev="0" fileid="9" />
                <SequencePoint vc="0" uspid="239" ordinal="2" offset="9" sl="52" sc="77" el="52" ec="78" bec="0" bev="0" fileid="9" />
              </SequencePoints>
              <BranchPoints />
              <MethodPoint xsi:type="SequencePoint" vc="0" uspid="237" ordinal="0" offset="0" sl="52" sc="3" el="52" ec="74" bec="0" bev="0" fileid="9" />
            </Method>
          </Methods>
        </Class>
        <Class>
          <Summary numSequencePoints="166" visitedSequencePoints="12" numBranchPoints="49" visitedBranchPoints="8" sequenceCoverage="7.23" branchCoverage="16.33" maxCyclomaticComplexity="10" minCyclomaticComplexity="1" />
          <FullName>ReportApp.Data.Database</FullName>
          <Methods>
            <Method visited="false" cyclomaticComplexity="1" sequenceCoverage="0" branchCoverage="0" isConstructor="false" isStatic="false" isGetter="true" isSetter="false">
              <Summary numSequencePoints="0" visitedSequencePoints="0" numBranchPoints="0" visitedBranchPoints="0" sequenceCoverage="0" branchCoverage="0" maxCyclomaticComplexity="1" minCyclomaticComplexity="1" />
              <MetadataToken>100663340</MetadataToken>
              <Name>System.String ReportApp.Data.Database::get_FileName()</Name>
              <SequencePoints />
              <BranchPoints />
              <MethodPoint vc="0" uspid="240" ordinal="0" offset="0" />
            </Method>
            <Method visited="false" cyclomaticComplexity="1" sequenceCoverage="0" branchCoverage="0" isConstructor="false" isStatic="false" isGetter="false" isSetter="true">
              <Summary numSequencePoints="0" visitedSequencePoints="0" numBranchPoints="0" visitedBranchPoints="0" sequenceCoverage="0" branchCoverage="0" maxCyclomaticComplexity="1" minCyclomaticComplexity="1" />
              <MetadataToken>100663341</MetadataToken>
              <Name>System.Void ReportApp.Data.Database::set_FileName(System.String)</Name>
              <SequencePoints />
              <BranchPoints />
              <MethodPoint vc="0" uspid="241" ordinal="0" offset="0" />
            </Method>
            <Method visited="false" cyclomaticComplexity="1" sequenceCoverage="0" branchCoverage="0" isConstructor="true" isStatic="false" isGetter="false" isSetter="false">
              <Summary numSequencePoints="9" visitedSequencePoints="0" numBranchPoints="1" visitedBranchPoints="0" sequenceCoverage="0" branchCoverage="0" maxCyclomaticComplexity="1" minCyclomaticComplexity="1" />
              <MetadataToken>100663342</MetadataToken>
              <Name>System.Void ReportApp.Data.Database::.ctor()</Name>
              <FileRef uid="9" />
              <SequencePoints>
                <SequencePoint vc="0" uspid="242" ordinal="0" offset="0" sl="254" sc="3" el="254" ec="25" bec="0" bev="0" fileid="9" />
                <SequencePoint vc="0" uspid="243" ordinal="1" offset="7" sl="64" sc="3" el="64" ec="20" bec="0" bev="0" fileid="9" />
                <SequencePoint vc="0" uspid="244" ordinal="2" offset="14" sl="65" sc="3" el="65" ec="4" bec="0" bev="0" fileid="9" />
                <SequencePoint vc="0" uspid="245" ordinal="3" offset="15" sl="66" sc="4" el="66" ec="29" bec="0" bev="0" fileid="9" />
                <SequencePoint vc="0" uspid="246" ordinal="4" offset="27" sl="67" sc="4" el="67" ec="85" bec="0" bev="0" fileid="9" />
                <SequencePoint vc="0" uspid="247" ordinal="5" offset="44" sl="68" sc="4" el="68" ec="56" bec="0" bev="0" fileid="9" />
                <SequencePoint vc="0" uspid="248" ordinal="6" offset="56" sl="69" sc="4" el="69" ec="22" bec="0" bev="0" fileid="9" />
                <SequencePoint vc="0" uspid="249" ordinal="7" offset="68" sl="70" sc="4" el="70" ec="50" bec="0" bev="0" fileid="9" />
                <SequencePoint vc="0" uspid="250" ordinal="8" offset="85" sl="71" sc="3" el="71" ec="4" bec="0" bev="0" fileid="9" />
              </SequencePoints>
              <BranchPoints />
              <MethodPoint xsi:type="SequencePoint" vc="0" uspid="242" ordinal="0" offset="0" sl="254" sc="3" el="254" ec="25" bec="0" bev="0" fileid="9" />
            </Method>
            <Method visited="false" cyclomaticComplexity="1" sequenceCoverage="0" branchCoverage="0" isConstructor="false" isStatic="false" isGetter="false" isSetter="false">
              <Summary numSequencePoints="3" visitedSequencePoints="0" numBranchPoints="1" visitedBranchPoints="0" sequenceCoverage="0" branchCoverage="0" maxCyclomaticComplexity="1" minCyclomaticComplexity="1" />
              <MetadataToken>100663343</MetadataToken>
              <Name>System.Void ReportApp.Data.Database::CreateDatabase()</Name>
              <FileRef uid="9" />
              <SequencePoints>
                <SequencePoint vc="0" uspid="251" ordinal="0" offset="0" sl="74" sc="3" el="74" ec="4" bec="0" bev="0" fileid="9" />
                <SequencePoint vc="0" uspid="252" ordinal="1" offset="1" sl="76" sc="4" el="76" ec="47" bec="0" bev="0" fileid="9" />
                <SequencePoint vc="0" uspid="253" ordinal="2" offset="13" sl="77" sc="3" el="77" ec="4" bec="0" bev="0" fileid="9" />
              </SequencePoints>
              <BranchPoints />
              <MethodPoint xsi:type="SequencePoint" vc="0" uspid="251" ordinal="0" offset="0" sl="74" sc="3" el="74" ec="4" bec="0" bev="0" fileid="9" />
            </Method>
            <Method visited="false" cyclomaticComplexity="1" sequenceCoverage="0" branchCoverage="0" isConstructor="false" isStatic="false" isGetter="false" isSetter="false">
              <Summary numSequencePoints="28" visitedSequencePoints="0" numBranchPoints="1" visitedBranchPoints="0" sequenceCoverage="0" branchCoverage="0" maxCyclomaticComplexity="1" minCyclomaticComplexity="1" />
[...]
              <MetadataToken>100663379</MetadataToken>
              <Name>System.Void ReportApp.Data.ShiftEntry::set_OutTime(System.DateTime)</Name>
              <SequencePoints />
              <BranchPoints />
              <MethodPoint vc="0" uspid="480" ordinal="0" offset="0" />
            </Method>
            <Method visited="false" cyclomaticComplexity="1" sequenceCoverage="0" branchCoverage="0" isConstructor="false" isStatic="false" isGetter="true" isSetter="false">
              <Summary numSequencePoints="0" visitedSequencePoints="0" numBranchPoints="0" visitedBranchPoints="0" sequenceCoverage="0" branchCoverage="0" maxCyclomaticComplexity="1" minCyclomaticComplexity="1" />
              <MetadataToken>100663380</MetadataToken>
              <Name>System.Int64 ReportApp.Data.ShiftEntry::get_InLogId()</Name>
              <SequencePoints />
              <BranchPoints />
              <MethodPoint vc="0" uspid="481" ordinal="0" offset="0" />
            </Method>
            <Method visited="false" cyclomaticComplexity="1" sequenceCoverage="0" branchCoverage="0" isConstructor="false" isStatic="false" isGetter="false" isSetter="true">
              <Summary numSequencePoints="0" visitedSequencePoints="0" numBranchPoints="0" visitedBranchPoints="0" sequenceCoverage="0" branchCoverage="0" maxCyclomaticComplexity="1" minCyclomaticComplexity="1" />
              <MetadataToken>100663381</MetadataToken>
              <Name>System.Void ReportApp.Data.ShiftEntry::set_InLogId(System.Int64)</Name>
              <SequencePoints />
              <BranchPoints />
              <MethodPoint vc="0" uspid="482" ordinal="0" offset="0" />
            </Method>
            <Method visited="false" cyclomaticComplexity="1" sequenceCoverage="0" branchCoverage="0" isConstructor="false" isStatic="false" isGetter="true" isSetter="false">
              <Summary numSequencePoints="0" visitedSequencePoints="0" numBranchPoints="0" visitedBranchPoints="0" sequenceCoverage="0" branchCoverage="0" maxCyclomaticComplexity="1" minCyclomaticComplexity="1" />
              <MetadataToken>100663382</MetadataToken>
              <Name>System.Int64 ReportApp.Data.ShiftEntry::get_OutLogId()</Name>
              <SequencePoints />
              <BranchPoints />
              <MethodPoint vc="0" uspid="483" ordinal="0" offset="0" />
            </Method>
            <Method visited="false" cyclomaticComplexity="1" sequenceCoverage="0" branchCoverage="0" isConstructor="false" isStatic="false" isGetter="false" isSetter="true">
              <Summary numSequencePoints="0" visitedSequencePoints="0" numBranchPoints="0" visitedBranchPoints="0" sequenceCoverage="0" branchCoverage="0" maxCyclomaticComplexity="1" minCyclomaticComplexity="1" />
              <MetadataToken>100663383</MetadataToken>
              <Name>System.Void ReportApp.Data.ShiftEntry::set_OutLogId(System.Int64)</Name>
              <SequencePoints />
              <BranchPoints />
              <MethodPoint vc="0" uspid="484" ordinal="0" offset="0" />
            </Method>
            <Method visited="false" cyclomaticComplexity="1" sequenceCoverage="0" branchCoverage="0" isConstructor="false" isStatic="false" isGetter="true" isSetter="false">
              <Summary numSequencePoints="0" visitedSequencePoints="0" numBranchPoints="0" visitedBranchPoints="0" sequenceCoverage="0" branchCoverage="0" maxCyclomaticComplexity="1" minCyclomaticComplexity="1" />
              <MetadataToken>100663384</MetadataToken>
              <Name>System.Double ReportApp.Data.ShiftEntry::get_Hours()</Name>
              <SequencePoints />
              <BranchPoints />
              <MethodPoint vc="0" uspid="485" ordinal="0" offset="0" />
            </Method>
            <Method visited="false" cyclomaticComplexity="1" sequenceCoverage="0" branchCoverage="0" isConstructor="false" isStatic="false" isGetter="false" isSetter="true">
              <Summary numSequencePoints="0" visitedSequencePoints="0" numBranchPoints="0" visitedBranchPoints="0" sequenceCoverage="0" branchCoverage="0" maxCyclomaticComplexity="1" minCyclomaticComplexity="1" />
              <MetadataToken>100663385</MetadataToken>
              <Name>System.Void ReportApp.Data.ShiftEntry::set_Hours(System.Double)</Name>
              <SequencePoints />
              <BranchPoints />
              <MethodPoint vc="0" uspid="486" ordinal="0" offset="0" />
            </Method>
            <Method visited="false" cyclomaticComplexity="1" sequenceCoverage="0" branchCoverage="0" isConstructor="true" isStatic="false" isGetter="false" isSetter="false">
              <Summary numSequencePoints="0" visitedSequencePoints="0" numBranchPoints="0" visitedBranchPoints="0" sequenceCoverage="0" branchCoverage="0" maxCyclomaticComplexity="1" minCyclomaticComplexity="1" />
              <MetadataToken>100663386</MetadataToken>
              <Name>System.Void ReportApp.Data.ShiftEntry::.ctor()</Name>
              <SequencePoints />
              <BranchPoints />
              <MethodPoint vc="0" uspid="487" ordinal="0" offset="0" />
            </Method>
          </Methods>
        </Class>
        <Class>
          <Summary numSequencePoints="44" visitedSequencePoints="43" numBranchPoints="1" visitedBranchPoints="1" sequenceCoverage="97.73" branchCoverage="100" maxCyclomaticComplexity="1" minCyclomaticComplexity="1" />
          <FullName>ReportApp.TestShiftEntry</FullName>
          <Methods>
            <Method visited="true" cyclomaticComplexity="1" sequenceCoverage="97.73" branchCoverage="100" isConstructor="false" isStatic="false" isGetter="false" isSetter="false">
              <Summary numSequencePoints="44" visitedSequencePoints="43" numBranchPoints="1" visitedBranchPoints="1" sequenceCoverage="97.73" branchCoverage="100" maxCyclomaticComplexity="1" minCyclomaticComplexity="1" />
              <MetadataToken>100663387</MetadataToken>
              <Name>System.Void ReportApp.TestShiftEntry::TestMethod()</Name>
              <FileRef uid="16" />
              <SequencePoints>
                <SequencePoint vc="1" uspid="488" ordinal="0" offset="0" sl="21" sc="3" el="21" ec="4" bec="0" bev="0" fileid="16" />
                <SequencePoint vc="1" uspid="489" ordinal="1" offset="1" sl="22" sc="4" el="22" ec="54" bec="0" bev="0" fileid="16" />
                <SequencePoint vc="1" uspid="490" ordinal="2" offset="7" sl="24" sc="4" el="24" ec="40" bec="0" bev="0" fileid="16" />
                <SequencePoint vc="1" uspid="491" ordinal="3" offset="13" sl="25" sc="4" el="25" ec="53" bec="0" bev="0" fileid="16" />
                <SequencePoint vc="1" uspid="492" ordinal="4" offset="30" sl="26" sc="4" el="26" ec="36" bec="0" bev="0" fileid="16" />
                <SequencePoint vc="1" uspid="493" ordinal="5" offset="42" sl="27" sc="4" el="27" ec="23" bec="0" bev="0" fileid="16" />
                <SequencePoint vc="1" uspid="494" ordinal="6" offset="54" sl="28" sc="4" el="28" ec="40" bec="0" bev="0" fileid="16" />
                <SequencePoint vc="1" uspid="495" ordinal="7" offset="60" sl="29" sc="4" el="29" ec="53" bec="0" bev="0" fileid="16" />
                <SequencePoint vc="1" uspid="496" ordinal="8" offset="77" sl="30" sc="4" el="30" ec="35" bec="0" bev="0" fileid="16" />
                <SequencePoint vc="1" uspid="497" ordinal="9" offset="89" sl="31" sc="4" el="31" ec="23" bec="0" bev="0" fileid="16" />
                <SequencePoint vc="1" uspid="498" ordinal="10" offset="101" sl="32" sc="4" el="32" ec="40" bec="0" bev="0" fileid="16" />
                <SequencePoint vc="1" uspid="499" ordinal="11" offset="107" sl="33" sc="4" el="33" ec="54" bec="0" bev="0" fileid="16" />
                <SequencePoint vc="1" uspid="500" ordinal="12" offset="124" sl="34" sc="4" el="34" ec="36" bec="0" bev="0" fileid="16" />
                <SequencePoint vc="1" uspid="501" ordinal="13" offset="136" sl="35" sc="4" el="35" ec="23" bec="0" bev="0" fileid="16" />
                <SequencePoint vc="1" uspid="502" ordinal="14" offset="148" sl="36" sc="4" el="36" ec="40" bec="0" bev="0" fileid="16" />
                <SequencePoint vc="1" uspid="503" ordinal="15" offset="155" sl="37" sc="4" el="37" ec="53" bec="0" bev="0" fileid="16" />
                <SequencePoint vc="1" uspid="504" ordinal="16" offset="172" sl="38" sc="4" el="38" ec="35" bec="0" bev="0" fileid="16" />
                <SequencePoint vc="1" uspid="505" ordinal="17" offset="184" sl="39" sc="4" el="39" ec="23" bec="0" bev="0" fileid="16" />
                <SequencePoint vc="1" uspid="506" ordinal="18" offset="196" sl="40" sc="4" el="40" ec="40" bec="0" bev="0" fileid="16" />
                <SequencePoint vc="1" uspid="507" ordinal="19" offset="203" sl="41" sc="4" el="41" ec="53" bec="0" bev="0" fileid="16" />
                <SequencePoint vc="1" uspid="508" ordinal="20" offset="220" sl="42" sc="4" el="42" ec="35" bec="0" bev="0" fileid="16" />
                <SequencePoint vc="1" uspid="509" ordinal="21" offset="232" sl="43" sc="4" el="43" ec="23" bec="0" bev="0" fileid="16" />
                <SequencePoint vc="1" uspid="510" ordinal="22" offset="244" sl="44" sc="4" el="44" ec="40" bec="0" bev="0" fileid="16" />
                <SequencePoint vc="1" uspid="511" ordinal="23" offset="251" sl="45" sc="4" el="45" ec="53" bec="0" bev="0" fileid="16" />
                <SequencePoint vc="1" uspid="512" ordinal="24" offset="268" sl="46" sc="4" el="46" ec="36" bec="0" bev="0" fileid="16" />
                <SequencePoint vc="1" uspid="513" ordinal="25" offset="280" sl="47" sc="4" el="47" ec="23" bec="0" bev="0" fileid="16" />
                <SequencePoint vc="1" uspid="514" ordinal="26" offset="292" sl="48" sc="4" el="48" ec="40" bec="0" bev="0" fileid="16" />
                <SequencePoint vc="1" uspid="515" ordinal="27" offset="299" sl="49" sc="4" el="49" ec="53" bec="0" bev="0" fileid="16" />
                <SequencePoint vc="1" uspid="516" ordinal="28" offset="316" sl="50" sc="4" el="50" ec="35" bec="0" bev="0" fileid="16" />
                <SequencePoint vc="1" uspid="517" ordinal="29" offset="328" sl="51" sc="4" el="51" ec="23" bec="0" bev="0" fileid="16" />
                <SequencePoint vc="1" uspid="518" ordinal="30" offset="340" sl="52" sc="4" el="52" ec="40" bec="0" bev="0" fileid="16" />
                <SequencePoint vc="1" uspid="519" ordinal="31" offset="347" sl="53" sc="4" el="53" ec="53" bec="0" bev="0" fileid="16" />
                <SequencePoint vc="1" uspid="520" ordinal="32" offset="364" sl="54" sc="4" el="54" ec="36" bec="0" bev="0" fileid="16" />
                <SequencePoint vc="1" uspid="521" ordinal="33" offset="376" sl="55" sc="4" el="55" ec="23" bec="0" bev="0" fileid="16" />
                <SequencePoint vc="1" uspid="522" ordinal="34" offset="388" sl="57" sc="4" el="57" ec="19" bec="0" bev="0" fileid="16" />
                <SequencePoint vc="1" uspid="523" ordinal="35" offset="396" sl="58" sc="4" el="58" ec="19" bec="0" bev="0" fileid="16" />
                <SequencePoint vc="1" uspid="524" ordinal="36" offset="404" sl="59" sc="4" el="59" ec="19" bec="0" bev="0" fileid="16" />
                <SequencePoint vc="1" uspid="525" ordinal="37" offset="412" sl="60" sc="4" el="60" ec="19" bec="0" bev="0" fileid="16" />
                <SequencePoint vc="1" uspid="526" ordinal="38" offset="421" sl="61" sc="4" el="61" ec="19" bec="0" bev="0" fileid="16" />
                <SequencePoint vc="1" uspid="527" ordinal="39" offset="430" sl="62" sc="4" el="62" ec="19" bec="0" bev="0" fileid="16" />
                <SequencePoint vc="1" uspid="528" ordinal="40" offset="439" sl="63" sc="4" el="63" ec="19" bec="0" bev="0" fileid="16" />
                <SequencePoint vc="1" uspid="529" ordinal="41" offset="448" sl="64" sc="4" el="64" ec="19" bec="0" bev="0" fileid="16" />
                <SequencePoint vc="1" uspid="530" ordinal="42" offset="457" sl="67" sc="4" el="67" ec="70" bec="0" bev="0" fileid="16" />
                <SequencePoint vc="0" uspid="531" ordinal="43" offset="465" sl="68" sc="3" el="68" ec="4" bec="0" bev="0" fileid="16" />
              </SequencePoints>
              <BranchPoints />
              <MethodPoint xsi:type="SequencePoint" vc="1" uspid="488" ordinal="0" offset="0" sl="21" sc="3" el="21" ec="4" bec="0" bev="0" fileid="16" />
            </Method>
            <Method visited="true" cyclomaticComplexity="1" sequenceCoverage="0" branchCoverage="0" isConstructor="true" isStatic="false" isGetter="false" isSetter="false">
              <Summary numSequencePoints="0" visitedSequencePoints="0" numBranchPoints="0" visitedBranchPoints="0" sequenceCoverage="0" branchCoverage="0" maxCyclomaticComplexity="1" minCyclomaticComplexity="1" />
              <MetadataToken>100663388</MetadataToken>
              <Name>System.Void ReportApp.TestShiftEntry::.ctor()</Name>
              <SequencePoints />
              <BranchPoints />
              <MethodPoint vc="1" uspid="532" ordinal="0" offset="0" />
            </Method>
          </Methods>
        </Class>
        <Class>
          <Summary numSequencePoints="11" visitedSequencePoints="0" numBranchPoints="4" visitedBranchPoints="0" sequenceCoverage="0" branchCoverage="0" maxCyclomaticComplexity="2" minCyclomaticComplexity="1" />
          <FullName>ReportApp.Window1</FullName>
          <Methods>
            <Method visited="false" cyclomaticComplexity="1" sequenceCoverage="0" branchCoverage="0" isConstructor="true" isStatic="false" isGetter="false" isSetter="false">
              <Summary numSequencePoints="4" visitedSequencePoints="0" numBranchPoints="1" visitedBranchPoints="0" sequenceCoverage="0" branchCoverage="0" maxCyclomaticComplexity="1" minCyclomaticComplexity="1" />
              <MetadataToken>100663389</MetadataToken>
              <Name>System.Void ReportApp.Window1::.ctor()</Name>
              <FileRef uid="17" />
              <SequencePoints>
                <SequencePoint vc="0" uspid="533" ordinal="0" offset="0" sl="26" sc="3" el="26" ec="19" bec="0" bev="0" fileid="17" />
                <SequencePoint vc="0" uspid="534" ordinal="1" offset="7" sl="27" sc="3" el="27" ec="4" bec="0" bev="0" fileid="17" />
                <SequencePoint vc="0" uspid="535" ordinal="2" offset="8" sl="28" sc="4" el="28" ec="26" bec="0" bev="0" fileid="17" />
                <SequencePoint vc="0" uspid="536" ordinal="3" offset="15" sl="30" sc="3" el="30" ec="4" bec="0" bev="0" fileid="17" />
              </SequencePoints>
              <BranchPoints />
              <MethodPoint xsi:type="SequencePoint" vc="0" uspid="533" ordinal="0" offset="0" sl="26" sc="3" el="26" ec="19" bec="0" bev="0" fileid="17" />
            </Method>
            <Method visited="false" cyclomaticComplexity="2" sequenceCoverage="0" branchCoverage="0" isConstructor="false" isStatic="false" isGetter="false" isSetter="false">
              <Summary numSequencePoints="7" visitedSequencePoints="0" numBranchPoints="3" visitedBranchPoints="0" sequenceCoverage="0" branchCoverage="0" maxCyclomaticComplexity="2" minCyclomaticComplexity="2" />
              <MetadataToken>100663390</MetadataToken>
              <Name>System.Void ReportApp.Window1::InitializeComponent()</Name>
              <FileRef uid="18" />
              <SequencePoints>
                <SequencePoint vc="0" uspid="537" ordinal="0" offset="0" sl="49" sc="43" el="49" ec="44" bec="0" bev="0" fileid="18" />
                <SequencePoint vc="0" uspid="538" ordinal="1" offset="1" sl="50" sc="13" el="50" ec="32" bec="2" bev="0" fileid="18" />
                <SequencePoint vc="0" uspid="539" ordinal="2" offset="14" sl="50" sc="33" el="50" ec="34" bec="0" bev="0" fileid="18" />
                <SequencePoint vc="0" uspid="540" ordinal="3" offset="15" sl="51" sc="17" el="51" ec="24" bec="0" bev="0" fileid="18" />
                <SequencePoint vc="0" uspid="541" ordinal="4" offset="17" sl="53" sc="13" el="53" ec="35" bec="0" bev="0" fileid="18" />
                <SequencePoint vc="0" uspid="542" ordinal="5" offset="24" sl="54" sc="13" el="54" ec="119" bec="0" bev="0" fileid="18" />
                <SequencePoint vc="0" uspid="543" ordinal="6" offset="36" sl="1" sc="13" el="1" ec="77" bec="0" bev="0" fileid="0" url="c:\Dev\_Projects\ReportApp\Window1.xaml" />
              </SequencePoints>
              <BranchPoints>
                <BranchPoint vc="0" uspid="544" ordinal="0" offset="12" path="0" offsetchain="" offsetend="14" />
                <BranchPoint vc="0" uspid="545" ordinal="1" offset="12" path="1" offsetchain="" offsetend="17" />
              </BranchPoints>
              <MethodPoint xsi:type="SequencePoint" vc="0" uspid="537" ordinal="0" offset="0" sl="49" sc="43" el="49" ec="44" bec="0" bev="0" fileid="18" />
            </Method>
            <Method visited="false" cyclomaticComplexity="1" sequenceCoverage="0" branchCoverage="0" isConstructor="false" isStatic="false" isGetter="false" isSetter="false">
              <Summary numSequencePoints="0" visitedSequencePoints="0" numBranchPoints="0" visitedBranchPoints="0" sequenceCoverage="0" branchCoverage="0" maxCyclomaticComplexity="1" minCyclomaticComplexity="1" />
              <MetadataToken>100663391</MetadataToken>
              <Name>System.Void ReportApp.Window1::System.Windows.Markup.IComponentConnector.Connect(System.Int32,System.Object)</Name>
              <SequencePoints />
              <BranchPoints />
              <MethodPoint vc="0" uspid="546" ordinal="0" offset="0" />
            </Method>
          </Methods>
        </Class>
      </Classes>
    </Module>
    <Module skippedDueTo="MissingPdb" hash="B9-69-11-C8-A4-81-5A-00-72-41-00-A0-E3-CB-AD-31-A0-41-4D-47">
      <FullName>C:\Windows\Microsoft.Net\assembly\GAC_MSIL\PresentationFramework\v4.0_4.0.0.0__31bf3856ad364e35\PresentationFramework.dll</FullName>
      <ModuleName>PresentationFramework</ModuleName>
      <Classes />
    </Module>
    <Module skippedDueTo="MissingPdb" hash="E2-EE-E8-B8-4A-39-34-90-21-80-8A-89-EA-00-B4-44-73-EF-A2-43">
      <FullName>C:\Windows\Microsoft.Net\assembly\GAC_MSIL\WindowsBase\v4.0_4.0.0.0__31bf3856ad364e35\WindowsBase.dll</FullName>
      <ModuleName>WindowsBase</ModuleName>
      <Classes />
    </Module>
    <Module skippedDueTo="Filter" hash="08-41-DA-E2-43-A7-82-F6-25-42-6E-12-6B-26-DC-48-3F-BE-AD-DE">
      <FullName>C:\Windows\Microsoft.Net\assembly\GAC_MSIL\System.Xaml\v4.0_4.0.0.0__b77a5c561934e089\System.Xaml.dll</FullName>
      <ModuleName>System.Xaml</ModuleName>
      <Classes />
    </Module>
    <Module skippedDueTo="Filter" hash="59-38-12-21-AF-E9-36-61-84-72-8E-4A-6F-6A-BC-55-66-3B-82-69">
      <FullName>C:\Windows\Microsoft.Net\assembly\GAC_MSIL\System.Data.Linq\v4.0_4.0.0.0__b77a5c561934e089\System.Data.Linq.dll</FullName>
      <ModuleName>System.Data.Linq</ModuleName>
      <Classes />
    </Module>
    <Module skippedDueTo="MissingPdb" hash="D0-19-9A-C2-87-56-B3-9F-83-AF-C7-66-9C-97-07-61-2A-20-AC-D2">
      <FullName>C:\Windows\Microsoft.Net\assembly\GAC_32\PresentationCore\v4.0_4.0.0.0__31bf3856ad364e35\PresentationCore.dll</FullName>
      <ModuleName>PresentationCore</ModuleName>
      <Classes />
    </Module>
    <Module skippedDueTo="MissingPdb" hash="42-83-FE-A6-9F-01-8E-2C-E8-41-E9-25-3E-1E-0D-99-81-76-6B-C9">
      <FullName>C:\Users\Admin Security\AppData\Local\Temp\nunit20\ShadowCopyCache\4372_635690303538183872\Tests_1279497190\assembly\dl3\420a39fb\000f0bd1_9cbfcf01\nunit.framework.dll</FullName>
      <ModuleName>nunit.framework</ModuleName>
      <Classes />
    </Module>
    <Module skippedDueTo="Filter" hash="C4-D3-3B-C9-10-33-92-27-DC-BE-0A-DC-E7-CF-76-6A-A0-54-23-D8">
      <FullName>C:\Windows\Microsoft.Net\assembly\GAC_MSIL\System.Xml.Linq\v4.0_4.0.0.0__b77a5c561934e089\System.Xml.Linq.dll</FullName>
      <ModuleName>System.Xml.Linq</ModuleName>
      <Classes />
    </Module>
  </Modules>
</CoverageSession>